\BOOKMARK [0][-]{chapter*.1}{\376\377\000\040\000A\000c\000k\000n\000o\000w\000l\000e\000d\000g\000e\000m\000e\000n\000t\000s}{}% 1
\BOOKMARK [0][-]{chapter*.3}{\376\377\000L\000i\000s\000t\000\040\000o\000f\000\040\000f\000i\000g\000u\000r\000e\000s}{}% 2
\BOOKMARK [0][-]{chapter*.4}{\376\377\000L\000i\000s\000t\000\040\000o\000f\000\040\000t\000a\000b\000l\000e\000s}{}% 3
\BOOKMARK [0][-]{chapter.1}{\376\377\000\040\000I\000n\000t\000r\000o\000d\000u\000c\000t\000i\000o\000n}{}% 4
\BOOKMARK [1][-]{section.1.1}{\376\377\000T\000h\000e\000s\000i\000s\000\040\000s\000t\000r\000u\000c\000t\000u\000r\000e}{chapter.1}% 5
\BOOKMARK [1][-]{section.1.2}{\376\377\000C\000o\000n\000t\000r\000i\000b\000u\000t\000i\000o\000n\000s}{chapter.1}% 6
\BOOKMARK [0][-]{chapter.2}{\376\377\000\040\000B\000a\000c\000k\000g\000r\000o\000u\000n\000d}{}% 7
\BOOKMARK [1][-]{section.2.1}{\376\377\000M\000a\000r\000k\000o\000v\000\040\000d\000e\000c\000i\000s\000i\000o\000n\000\040\000P\000r\000o\000c\000e\000s\000s\000\040\000a\000n\000d\000\040\000r\000e\000i\000n\000f\000o\000r\000c\000e\000m\000e\000n\000t\000\040\000l\000e\000a\000r\000n\000i\000n\000g}{chapter.2}% 8
\BOOKMARK [2][-]{subsection.2.1.1}{\376\377\000P\000o\000l\000i\000c\000i\000e\000s}{section.2.1}% 9
\BOOKMARK [1][-]{section.2.2}{\376\377\000S\000u\000c\000c\000e\000s\000s\000o\000r\000\040\000f\000e\000a\000t\000u\000r\000e\000s}{chapter.2}% 10
\BOOKMARK [1][-]{section.2.3}{\376\377\000L\000i\000n\000e\000a\000r\000l\000y\000-\000s\000o\000l\000v\000a\000b\000l\000e\000\040\000M\000a\000r\000k\000o\000v\000\040\000d\000e\000c\000i\000s\000i\000o\000n\000\040\000p\000r\000o\000c\000e\000s\000s\000e\000s}{chapter.2}% 11
\BOOKMARK [2][-]{subsection.2.3.1}{\376\377\000F\000i\000r\000s\000t\000-\000e\000x\000i\000t\000\040\000l\000i\000n\000e\000a\000r\000l\000y\000-\000s\000o\000l\000v\000a\000b\000l\000e\000\040\000M\000a\000r\000k\000o\000v\000\040\000d\000e\000c\000i\000s\000i\000o\000n\000\040\000p\000r\000o\000c\000e\000s\000s\000e\000s}{section.2.3}% 12
\BOOKMARK [2][-]{subsection.2.3.2}{\376\377\000A\000v\000e\000r\000a\000g\000e\000-\000r\000e\000w\000a\000r\000d\000\040\000l\000i\000n\000e\000a\000r\000l\000y\000-\000s\000o\000l\000v\000a\000b\000l\000e\000\040\000M\000a\000r\000k\000o\000v\000\040\000d\000e\000c\000i\000s\000i\000o\000n\000\040\000p\000r\000o\000c\000e\000s\000s\000e\000s}{section.2.3}% 13
\BOOKMARK [2][-]{subsection.2.3.3}{\376\377\000F\000u\000n\000c\000t\000i\000o\000n\000\040\000a\000p\000p\000r\000o\000x\000i\000m\000a\000t\000i\000o\000n\000\040\000i\000n\000\040\000L\000M\000D\000P\000s}{section.2.3}% 14
\BOOKMARK [1][-]{section.2.4}{\376\377\000H\000i\000e\000r\000a\000r\000c\000h\000i\000c\000a\000l\000\040\000R\000e\000i\000n\000f\000o\000r\000c\000e\000m\000e\000n\000t\000\040\000L\000e\000a\000r\000n\000i\000n\000g}{chapter.2}% 15
\BOOKMARK [2][-]{subsection.2.4.1}{\376\377\000O\000p\000t\000i\000m\000a\000l\000i\000t\000y\000\040\000o\000f\000\040\000H\000R\000L\000\040\000a\000l\000g\000o\000r\000i\000t\000h\000m\000s}{section.2.4}% 16
\BOOKMARK [2][-]{subsection.2.4.2}{\376\377\000T\000h\000e\000\040\000o\000p\000t\000i\000o\000n\000s\000\040\000f\000r\000a\000m\000e\000w\000o\000r\000k}{section.2.4}% 17
\BOOKMARK [1][-]{section.2.5}{\376\377\000N\000o\000n\000-\000M\000a\000r\000k\000o\000v\000i\000a\000n\000\040\000t\000a\000s\000k\000\040\000s\000p\000e\000c\000i\000f\000i\000c\000a\000t\000i\000o\000n}{chapter.2}% 18
\BOOKMARK [0][-]{chapter.3}{\376\377\000\040\000G\000l\000o\000b\000a\000l\000l\000y\000\040\000O\000p\000t\000i\000m\000a\000l\000\040\000H\000i\000e\000r\000a\000r\000c\000h\000i\000c\000a\000l\000\040\000R\000e\000i\000n\000f\000o\000r\000c\000e\000m\000e\000n\000t\000\040\000L\000e\000a\000r\000n\000i\000n\000g\000\040\000f\000o\000r\000\040\000L\000i\000n\000e\000a\000r\000l\000y\000-\000s\000o\000l\000v\000a\000b\000l\000e\000\040\000M\000a\000r\000k\000o\000v\000\040\000D\000e\000c\000i\000s\000i\000o\000n\000\040\000P\000r\000o\000c\000e\000s\000s\000e\000s}{}% 19
\BOOKMARK [1][-]{section.3.1}{\376\377\000I\000n\000t\000r\000o\000d\000u\000c\000t\000i\000o\000n}{chapter.3}% 20
\BOOKMARK [1][-]{section.3.2}{\376\377\000C\000o\000n\000t\000r\000i\000b\000u\000t\000i\000o\000n\000s}{chapter.3}% 21
\BOOKMARK [1][-]{section.3.3}{\376\377\000R\000e\000l\000a\000t\000e\000d\000\040\000W\000o\000r\000k}{chapter.3}% 22
\BOOKMARK [1][-]{section.3.4}{\376\377\000H\000i\000e\000r\000a\000r\000c\000h\000i\000c\000a\000l\000\040\000L\000M\000D\000P\000s}{chapter.3}% 23
\BOOKMARK [2][-]{subsection.3.4.1}{\376\377\000H\000i\000e\000r\000a\000r\000c\000h\000i\000c\000a\000l\000\040\000D\000e\000c\000o\000m\000p\000o\000s\000i\000t\000i\000o\000n}{section.3.4}% 24
\BOOKMARK [2][-]{subsection.3.4.2}{\376\377\000S\000u\000b\000t\000a\000s\000k\000\040\000C\000o\000m\000p\000o\000s\000i\000t\000i\000o\000n\000a\000l\000i\000t\000y}{section.3.4}% 25
\BOOKMARK [2][-]{subsection.3.4.3}{\376\377\000E\000i\000g\000e\000n\000v\000e\000c\000t\000o\000r\000\040\000A\000p\000p\000r\000o\000a\000c\000h}{section.3.4}% 26
\BOOKMARK [2][-]{subsection.3.4.4}{\376\377\000O\000n\000l\000i\000n\000e\000\040\000a\000n\000d\000\040\000I\000n\000t\000r\000a\000-\000t\000a\000s\000k\000\040\000L\000e\000a\000r\000n\000i\000n\000g}{section.3.4}% 27
\BOOKMARK [2][-]{subsection.3.4.5}{\376\377\000A\000n\000a\000l\000y\000s\000i\000s}{section.3.4}% 28
\BOOKMARK [1][-]{section.3.5}{\376\377\000E\000x\000p\000e\000r\000i\000m\000e\000n\000t\000s}{chapter.3}% 29
\BOOKMARK [2][-]{subsection.3.5.1}{\376\377\000N\000-\000r\000o\000o\000m\000\040\000d\000o\000m\000a\000i\000n\000.}{section.3.5}% 30
\BOOKMARK [2][-]{subsection.3.5.2}{\376\377\000T\000a\000x\000i\000\040\000D\000o\000m\000a\000i\000n\000.}{section.3.5}% 31
\BOOKMARK [1][-]{section.3.6}{\376\377\000D\000i\000s\000c\000u\000s\000s\000i\000o\000n\000\040\000a\000n\000d\000\040\000C\000o\000n\000c\000l\000u\000s\000i\000o\000n}{chapter.3}% 32
\BOOKMARK [0][-]{chapter.4}{\376\377\000\040\000H\000i\000e\000r\000a\000r\000c\000h\000i\000c\000a\000l\000\040\000A\000v\000e\000r\000a\000g\000e\000-\000r\000e\000w\000a\000r\000d\000\040\000L\000i\000n\000e\000a\000r\000l\000y\000-\000s\000o\000l\000v\000a\000b\000l\000e\000\040\000M\000a\000r\000k\000o\000v\000\040\000D\000e\000c\000i\000s\000i\000o\000n\000\040\000P\000o\000c\000e\000s\000s\000e\000s}{}% 33
\BOOKMARK [1][-]{section.4.1}{\376\377\000I\000n\000t\000r\000o\000d\000u\000c\000t\000i\000o\000n}{chapter.4}% 34
\BOOKMARK [1][-]{section.4.2}{\376\377\000C\000o\000n\000t\000r\000i\000b\000u\000t\000i\000o\000n\000s}{chapter.4}% 35
\BOOKMARK [1][-]{section.4.3}{\376\377\000R\000e\000l\000a\000t\000e\000d\000\040\000w\000o\000r\000k}{chapter.4}% 36
\BOOKMARK [1][-]{section.4.4}{\376\377\000A\000l\000t\000e\000r\000n\000a\000t\000i\000v\000e\000\040\000m\000e\000t\000h\000o\000d\000\040\000f\000o\000r\000\040\000s\000o\000l\000v\000i\000n\000g\000\040\000a\000n\000\040\000A\000L\000M\000D\000P}{chapter.4}% 37
\BOOKMARK [1][-]{section.4.5}{\376\377\000H\000i\000e\000r\000a\000r\000c\000h\000i\000c\000a\000l\000\040\000A\000v\000e\000r\000a\000g\000e\000-\000R\000e\000w\000a\000r\000d\000\040\000L\000M\000D\000P\000s}{chapter.4}% 38
\BOOKMARK [2][-]{subsection.4.5.1}{\376\377\000H\000i\000e\000r\000a\000r\000c\000h\000i\000c\000a\000l\000\040\000D\000e\000c\000o\000m\000p\000o\000s\000i\000t\000i\000o\000n}{section.4.5}% 39
\BOOKMARK [2][-]{subsection.4.5.2}{\376\377\000S\000u\000b\000t\000a\000s\000k\000\040\000C\000o\000m\000p\000o\000s\000i\000t\000i\000o\000n\000a\000l\000i\000t\000y}{section.4.5}% 40
\BOOKMARK [2][-]{subsection.4.5.3}{\376\377\000E\000f\000f\000i\000c\000i\000e\000n\000c\000y\000\040\000o\000f\000\040\000t\000h\000e\000\040\000v\000a\000l\000u\000e\000\040\000r\000e\000p\000r\000e\000s\000e\000n\000t\000a\000t\000i\000o\000n}{section.4.5}% 41
\BOOKMARK [1][-]{section.4.6}{\376\377\000A\000l\000g\000o\000r\000i\000t\000h\000m\000s}{chapter.4}% 42
\BOOKMARK [2][-]{subsection.4.6.1}{\376\377\000E\000i\000g\000e\000n\000v\000e\000c\000t\000o\000r\000\040\000a\000p\000p\000r\000o\000a\000c\000h}{section.4.6}% 43
\BOOKMARK [2][-]{subsection.4.6.2}{\376\377\000O\000n\000l\000i\000n\000e\000\040\000a\000l\000g\000o\000r\000i\000t\000h\000m}{section.4.6}% 44
\BOOKMARK [1][-]{section.4.7}{\376\377\000E\000x\000p\000e\000r\000i\000m\000e\000n\000t\000s}{chapter.4}% 45
\BOOKMARK [2][-]{subsection.4.7.1}{\376\377\000N\000-\000r\000o\000o\000m\000\040\000d\000o\000m\000a\000i\000n}{section.4.7}% 46
\BOOKMARK [2][-]{subsection.4.7.2}{\376\377\000T\000a\000x\000i\000\040\000d\000o\000m\000a\000i\000n}{section.4.7}% 47
\BOOKMARK [1][-]{section.4.8}{\376\377\000C\000o\000n\000c\000l\000u\000s\000i\000o\000n}{chapter.4}% 48
\BOOKMARK [0][-]{chapter.5}{\376\377\000\040\000C\000o\000m\000p\000o\000s\000i\000t\000i\000o\000n\000a\000l\000i\000t\000y\000\040\000w\000i\000t\000h\000\040\000S\000u\000c\000c\000e\000s\000s\000o\000r\000\040\000F\000e\000a\000t\000u\000r\000e\000s\000\040\000v\000i\000a\000\040\000P\000o\000l\000i\000c\000y\000\040\000B\000a\000s\000i\000s}{}% 49
\BOOKMARK [1][-]{section.5.1}{\376\377\000I\000n\000t\000r\000o\000d\000u\000c\000t\000i\000o\000n}{chapter.5}% 50
\BOOKMARK [1][-]{section.5.2}{\376\377\000C\000o\000n\000t\000r\000i\000b\000u\000t\000i\000o\000n\000s}{chapter.5}% 51
\BOOKMARK [1][-]{section.5.3}{\376\377\000P\000r\000e\000l\000i\000m\000i\000n\000a\000r\000i\000e\000s}{chapter.5}% 52
\BOOKMARK [1][-]{section.5.4}{\376\377\000U\000s\000i\000n\000g\000\040\000S\000u\000c\000c\000e\000s\000s\000o\000r\000\040\000F\000e\000a\000t\000u\000r\000e\000s\000\040\000t\000o\000\040\000S\000o\000l\000v\000e\000\040\000n\000o\000n\000-\000M\000a\000r\000k\000o\000v\000i\000a\000n\000\040\000R\000e\000w\000a\000r\000d\000\040\000S\000p\000e\000c\000i\000f\000i\000c\000a\000t\000i\000o\000n\000s}{chapter.5}% 53
\BOOKMARK [2][-]{subsection.5.4.1}{\376\377\000A\000l\000g\000o\000r\000i\000t\000h\000m}{section.5.4}% 54
\BOOKMARK [2][-]{subsection.5.4.2}{\376\377\000A\000n\000a\000l\000y\000s\000i\000s}{section.5.4}% 55
\BOOKMARK [1][-]{section.5.5}{\376\377\000E\000x\000p\000e\000r\000i\000m\000e\000n\000t\000s}{chapter.5}% 56
\BOOKMARK [2][-]{subsection.5.5.1}{\376\377\000E\000n\000v\000i\000r\000o\000n\000m\000e\000n\000t\000s\000\040\000a\000n\000d\000\040\000t\000a\000s\000k\000s}{section.5.5}% 57
\BOOKMARK [2][-]{subsection.5.5.2}{\376\377\000B\000a\000s\000e\000l\000i\000n\000e\000s}{section.5.5}% 58
\BOOKMARK [2][-]{subsection.5.5.3}{\376\377\000R\000e\000s\000u\000l\000t\000s}{section.5.5}% 59
\BOOKMARK [1][-]{section.5.6}{\376\377\000R\000e\000l\000a\000t\000e\000d\000\040\000W\000o\000r\000k}{chapter.5}% 60
\BOOKMARK [1][-]{section.5.7}{\376\377\000D\000i\000s\000c\000u\000s\000s\000i\000o\000n\000\040\000a\000n\000d\000\040\000C\000o\000n\000c\000l\000u\000s\000i\000o\000n}{chapter.5}% 61
\BOOKMARK [0][-]{appendix.A}{\376\377\000\040\000P\000r\000o\000o\000f\000\040\000T\000h\000e\000o\000r\000e\000m\000\040\0006}{}% 62
\BOOKMARK [1][-]{section.A.1}{\376\377\000P\000r\000e\000l\000i\000m\000i\000n\000a\000r\000i\000e\000s}{appendix.A}% 63
\BOOKMARK [1][-]{section.A.2}{\376\377\000A\000s\000s\000u\000m\000p\000t\000i\000o\000n\000s}{appendix.A}% 64
\BOOKMARK [1][-]{section.A.3}{\376\377\000T\000h\000e\000\040\000p\000r\000o\000o\000f}{appendix.A}% 65
