This is pdfTeX, Version 3.141592653-2.6-1.40.26 (TeX Live 2024) (preloaded format=pdflatex 2024.5.31)  7 SEP 2024 19:29
entering extended mode
 restricted \write18 enabled.
 file:line:error style messages enabled.
 %&-line parsing enabled.
**/home/guillermo/Desktop/projects/Thesis/tesis.tex
(/home/guillermo/Desktop/projects/Thesis/tesis.tex
LaTeX2e <2023-11-01> patch level 1
L3 programming layer <2024-05-08>
(./tesi_upf.cls

LaTeX Warning: You have requested document class `tesi_upf',
               but the document class provides `book'.

Document Class: book 2005/09/16 v1.4f Standard LaTeX document class
(/usr/local/texlive/2024/texmf-dist/tex/latex/base/bk12.clo
File: bk12.clo 2023/05/17 v1.4n Standard LaTeX file (size option)
)
\c@part=\count189
\c@chapter=\count190
\c@section=\count191
\c@subsection=\count192
\c@subsubsection=\count193
\c@paragraph=\count194
\c@subparagraph=\count195
\c@figure=\count196
\c@table=\count197
\abovecaptionskip=\skip48
\belowcaptionskip=\skip49
\bibindent=\dimen140
) (/usr/local/texlive/2024/texmf-dist/tex/latex/base/inputenc.sty
Package: inputenc 2021/02/14 v1.3d Input encoding file
\inpenc@prehook=\toks17
\inpenc@posthook=\toks18
 (/usr/local/texlive/2024/texmf-dist/tex/latex/base/latin1.def
File: latin1.def 2021/02/14 v1.3d Input encoding file
)) (/usr/local/texlive/2024/texmf-dist/tex/latex/base/fontenc.sty
Package: fontenc 2021/04/29 v2.0v Standard LaTeX package
) (/usr/local/texlive/2024/texmf-dist/tex/latex/url/url.sty
\Urlmuskip=\muskip16
Package: url 2013/09/16  ver 3.4  Verb mode for urls, etc.
) (/usr/local/texlive/2024/texmf-dist/tex/latex/booktabs/booktabs.sty
Package: booktabs 2020/01/12 v1.61803398 Publication quality tables
\heavyrulewidth=\dimen141
\lightrulewidth=\dimen142
\cmidrulewidth=\dimen143
\belowrulesep=\dimen144
\belowbottomsep=\dimen145
\aboverulesep=\dimen146
\abovetopsep=\dimen147
\cmidrulesep=\dimen148
\cmidrulekern=\dimen149
\defaultaddspace=\dimen150
\@cmidla=\count198
\@cmidlb=\count199
\@aboverulesep=\dimen151
\@belowrulesep=\dimen152
\@thisruleclass=\count266
\@lastruleclass=\count267
\@thisrulewidth=\dimen153
) (/usr/local/texlive/2024/texmf-dist/tex/latex/amsfonts/amsfonts.sty
Package: amsfonts 2013/01/14 v3.01 Basic AMSFonts support
\@emptytoks=\toks19
\symAMSa=\mathgroup4
\symAMSb=\mathgroup5
LaTeX Font Info:    Redeclaring math symbol \hbar on input line 98.
LaTeX Font Info:    Overwriting math alphabet `\mathfrak' in version `bold'
(Font)                  U/euf/m/n --> U/euf/b/n on input line 106.
) (/usr/local/texlive/2024/texmf-dist/tex/latex/units/nicefrac.sty
Package: nicefrac 1998/08/04 v0.9b Nice fractions
\L@UnitsRaiseDisplaystyle=\skip50
\L@UnitsRaiseTextstyle=\skip51
\L@UnitsRaiseScriptstyle=\skip52
 (/usr/local/texlive/2024/texmf-dist/tex/latex/base/ifthen.sty
Package: ifthen 2022/04/13 v1.1d Standard LaTeX ifthen package (DPC)
)) (/usr/local/texlive/2024/texmf-dist/tex/latex/microtype/microtype.sty
Package: microtype 2024/03/29 v3.1b Micro-typographical refinements (RS)
 (/usr/local/texlive/2024/texmf-dist/tex/latex/graphics/keyval.sty
Package: keyval 2022/05/29 v1.15 key=value parser (DPC)
\KV@toks@=\toks20
) (/usr/local/texlive/2024/texmf-dist/tex/latex/etoolbox/etoolbox.sty
Package: etoolbox 2020/10/05 v2.5k e-TeX tools for LaTeX (JAW)
\etb@tempcnta=\count268
)
\MT@toks=\toks21
\MT@tempbox=\box51
\MT@count=\count269
LaTeX Info: Redefining \noprotrusionifhmode on input line 1061.
LaTeX Info: Redefining \leftprotrusion on input line 1062.
\MT@prot@toks=\toks22
LaTeX Info: Redefining \rightprotrusion on input line 1081.
LaTeX Info: Redefining \textls on input line 1392.
\MT@outer@kern=\dimen154
LaTeX Info: Redefining \textmicrotypecontext on input line 2013.
\MT@listname@count=\count270
 (/usr/local/texlive/2024/texmf-dist/tex/latex/microtype/microtype-pdftex.def
File: microtype-pdftex.def 2024/03/29 v3.1b Definitions specific to pdftex (RS)
LaTeX Info: Redefining \lsstyle on input line 902.
LaTeX Info: Redefining \lslig on input line 902.
\MT@outer@space=\skip53
)
Package microtype Info: Loading configuration file microtype.cfg.
 (/usr/local/texlive/2024/texmf-dist/tex/latex/microtype/microtype.cfg
File: microtype.cfg 2024/03/29 v3.1b microtype main configuration file (RS)
)) (/usr/local/texlive/2024/texmf-dist/tex/latex/xcolor/xcolor.sty
Package: xcolor 2023/11/15 v3.01 LaTeX color extensions (UK)
 (/usr/local/texlive/2024/texmf-dist/tex/latex/graphics-cfg/color.cfg
File: color.cfg 2016/01/02 v1.6 sample color configuration
)
Package xcolor Info: Driver file: pdftex.def on input line 274.
 (/usr/local/texlive/2024/texmf-dist/tex/latex/graphics-def/pdftex.def
File: pdftex.def 2024/04/13 v1.2c Graphics/color driver for pdftex
) (/usr/local/texlive/2024/texmf-dist/tex/latex/graphics/mathcolor.ltx)
Package xcolor Info: Model `cmy' substituted by `cmy0' on input line 1350.
Package xcolor Info: Model `hsb' substituted by `rgb' on input line 1354.
Package xcolor Info: Model `RGB' extended on input line 1366.
Package xcolor Info: Model `HTML' substituted by `rgb' on input line 1368.
Package xcolor Info: Model `Hsb' substituted by `hsb' on input line 1369.
Package xcolor Info: Model `tHsb' substituted by `hsb' on input line 1370.
Package xcolor Info: Model `HSB' substituted by `hsb' on input line 1371.
Package xcolor Info: Model `Gray' substituted by `gray' on input line 1372.
Package xcolor Info: Model `wave' substituted by `hsb' on input line 1373.
) (/usr/local/texlive/2024/texmf-dist/tex/latex/mathtools/mathtools.sty
Package: mathtools 2024/03/11 v1.30 mathematical typesetting tools
 (/usr/local/texlive/2024/texmf-dist/tex/latex/tools/calc.sty
Package: calc 2023/07/08 v4.3 Infix arithmetic (KKT,FJ)
\calc@Acount=\count271
\calc@Bcount=\count272
\calc@Adimen=\dimen155
\calc@Bdimen=\dimen156
\calc@Askip=\skip54
\calc@Bskip=\skip55
LaTeX Info: Redefining \setlength on input line 80.
LaTeX Info: Redefining \addtolength on input line 81.
\calc@Ccount=\count273
\calc@Cskip=\skip56
) (/usr/local/texlive/2024/texmf-dist/tex/latex/mathtools/mhsetup.sty
Package: mhsetup 2021/03/18 v1.4 programming setup (MH)
) (/usr/local/texlive/2024/texmf-dist/tex/latex/amsmath/amsmath.sty
Package: amsmath 2023/05/13 v2.17o AMS math features
\@mathmargin=\skip57

For additional information on amsmath, use the `?' option.
(/usr/local/texlive/2024/texmf-dist/tex/latex/amsmath/amstext.sty
Package: amstext 2021/08/26 v2.01 AMS text
 (/usr/local/texlive/2024/texmf-dist/tex/latex/amsmath/amsgen.sty
File: amsgen.sty 1999/11/30 v2.0 generic functions
\@emptytoks=\toks23
\ex@=\dimen157
)) (/usr/local/texlive/2024/texmf-dist/tex/latex/amsmath/amsbsy.sty
Package: amsbsy 1999/11/29 v1.2d Bold Symbols
\pmbraise@=\dimen158
) (/usr/local/texlive/2024/texmf-dist/tex/latex/amsmath/amsopn.sty
Package: amsopn 2022/04/08 v2.04 operator names
)
\inf@bad=\count274
LaTeX Info: Redefining \frac on input line 234.
\uproot@=\count275
\leftroot@=\count276
LaTeX Info: Redefining \overline on input line 399.
LaTeX Info: Redefining \colon on input line 410.
\classnum@=\count277
\DOTSCASE@=\count278
LaTeX Info: Redefining \ldots on input line 496.
LaTeX Info: Redefining \dots on input line 499.
LaTeX Info: Redefining \cdots on input line 620.
\Mathstrutbox@=\box52
\strutbox@=\box53
LaTeX Info: Redefining \big on input line 722.
LaTeX Info: Redefining \Big on input line 723.
LaTeX Info: Redefining \bigg on input line 724.
LaTeX Info: Redefining \Bigg on input line 725.
\big@size=\dimen159
LaTeX Font Info:    Redeclaring font encoding OML on input line 743.
LaTeX Font Info:    Redeclaring font encoding OMS on input line 744.
\macc@depth=\count279
LaTeX Info: Redefining \bmod on input line 905.
LaTeX Info: Redefining \pmod on input line 910.
LaTeX Info: Redefining \smash on input line 940.
LaTeX Info: Redefining \relbar on input line 970.
LaTeX Info: Redefining \Relbar on input line 971.
\c@MaxMatrixCols=\count280
\dotsspace@=\muskip17
\c@parentequation=\count281
\dspbrk@lvl=\count282
\tag@help=\toks24
\row@=\count283
\column@=\count284
\maxfields@=\count285
\andhelp@=\toks25
\eqnshift@=\dimen160
\alignsep@=\dimen161
\tagshift@=\dimen162
\tagwidth@=\dimen163
\totwidth@=\dimen164
\lineht@=\dimen165
\@envbody=\toks26
\multlinegap=\skip58
\multlinetaggap=\skip59
\mathdisplay@stack=\toks27
LaTeX Info: Redefining \[ on input line 2953.
LaTeX Info: Redefining \] on input line 2954.
)
\g_MT_multlinerow_int=\count286
\l_MT_multwidth_dim=\dimen166
\origjot=\skip60
\l_MT_shortvdotswithinadjustabove_dim=\dimen167
\l_MT_shortvdotswithinadjustbelow_dim=\dimen168
\l_MT_above_intertext_sep=\dimen169
\l_MT_below_intertext_sep=\dimen170
\l_MT_above_shortintertext_sep=\dimen171
\l_MT_below_shortintertext_sep=\dimen172
\xmathstrut@box=\box54
\xmathstrut@dim=\dimen173
) (/usr/local/texlive/2024/texmf-dist/tex/latex/algorithmicx/algpseudocode.sty
Package: algpseudocode 
 (/usr/local/texlive/2024/texmf-dist/tex/latex/algorithmicx/algorithmicx.sty
Package: algorithmicx 2005/04/27 v1.2 Algorithmicx

Document Style algorithmicx 1.2 - a greatly improved `algorithmic' style
\c@ALG@line=\count287
\c@ALG@rem=\count288
\c@ALG@nested=\count289
\ALG@tlm=\skip61
\ALG@thistlm=\skip62
\c@ALG@Lnr=\count290
\c@ALG@blocknr=\count291
\c@ALG@storecount=\count292
\c@ALG@tmpcounter=\count293
\ALG@tmplength=\skip63
)
Document Style - pseudocode environments for use with the `algorithmicx' style
) (/usr/local/texlive/2024/texmf-dist/tex/latex/amscls/amsthm.sty
Package: amsthm 2020/05/29 v2.20.6
\thm@style=\toks28
\thm@bodyfont=\toks29
\thm@headfont=\toks30
\thm@notefont=\toks31
\thm@headpunct=\toks32
\thm@preskip=\skip64
\thm@postskip=\skip65
\thm@headsep=\skip66
\dth@everypar=\toks33
) (/usr/local/texlive/2024/texmf-dist/tex/latex/adjustbox/adjustbox.sty
Package: adjustbox 2022/10/17 v1.3a Adjusting TeX boxes (trim, clip, ...)
 (/usr/local/texlive/2024/texmf-dist/tex/latex/xkeyval/xkeyval.sty
Package: xkeyval 2022/06/16 v2.9 package option processing (HA)
 (/usr/local/texlive/2024/texmf-dist/tex/generic/xkeyval/xkeyval.tex (/usr/local/texlive/2024/texmf-dist/tex/generic/xkeyval/xkvutils.tex
\XKV@toks=\toks34
\XKV@tempa@toks=\toks35
)
\XKV@depth=\count294
File: xkeyval.tex 2014/12/03 v2.7a key=value parser (HA)
)) (/usr/local/texlive/2024/texmf-dist/tex/latex/adjustbox/adjcalc.sty
Package: adjcalc 2012/05/16 v1.1 Provides advanced setlength with multiple back-ends (calc, etex, pgfmath)
) (/usr/local/texlive/2024/texmf-dist/tex/latex/adjustbox/trimclip.sty
Package: trimclip 2020/08/19 v1.2 Trim and clip general TeX material
 (/usr/local/texlive/2024/texmf-dist/tex/latex/graphics/graphicx.sty
Package: graphicx 2021/09/16 v1.2d Enhanced LaTeX Graphics (DPC,SPQR)
 (/usr/local/texlive/2024/texmf-dist/tex/latex/graphics/graphics.sty
Package: graphics 2022/03/10 v1.4e Standard LaTeX Graphics (DPC,SPQR)
 (/usr/local/texlive/2024/texmf-dist/tex/latex/graphics/trig.sty
Package: trig 2021/08/11 v1.11 sin cos tan (DPC)
) (/usr/local/texlive/2024/texmf-dist/tex/latex/graphics-cfg/graphics.cfg
File: graphics.cfg 2016/06/04 v1.11 sample graphics configuration
)
Package graphics Info: Driver file: pdftex.def on input line 107.
)
\Gin@req@height=\dimen174
\Gin@req@width=\dimen175
) (/usr/local/texlive/2024/texmf-dist/tex/latex/collectbox/collectbox.sty
Package: collectbox 2022/10/17 v0.4c Collect macro arguments as boxes
\collectedbox=\box55
)
\tc@llx=\dimen176
\tc@lly=\dimen177
\tc@urx=\dimen178
\tc@ury=\dimen179
Package trimclip Info: Using driver 'tc-pdftex.def'.
 (/usr/local/texlive/2024/texmf-dist/tex/latex/adjustbox/tc-pdftex.def
File: tc-pdftex.def 2019/01/04 v2.2 Clipping driver for pdftex
))
\adjbox@Width=\dimen180
\adjbox@Height=\dimen181
\adjbox@Depth=\dimen182
\adjbox@Totalheight=\dimen183
\adjbox@pwidth=\dimen184
\adjbox@pheight=\dimen185
\adjbox@pdepth=\dimen186
\adjbox@ptotalheight=\dimen187
 (/usr/local/texlive/2024/texmf-dist/tex/latex/ifoddpage/ifoddpage.sty
Package: ifoddpage 2022/10/18 v1.2 Conditionals for odd/even page detection
\c@checkoddpage=\count295
) (/usr/local/texlive/2024/texmf-dist/tex/latex/varwidth/varwidth.sty
Package: varwidth 2009/03/30 ver 0.92;  Variable-width minipages
\@vwid@box=\box56
\sift@deathcycles=\count296
\@vwid@loff=\dimen188
\@vwid@roff=\dimen189
)) (/usr/local/texlive/2024/texmf-dist/tex/latex/todonotes/todonotes.sty
Package: todonotes 2024/01/05 v1.1.7 Todonotes source and documentation.
Package: todonotes 2024/01/05
 (/usr/local/texlive/2024/texmf-dist/tex/latex/pgf/frontendlayer/tikz.sty (/usr/local/texlive/2024/texmf-dist/tex/latex/pgf/basiclayer/pgf.sty (/usr/local/texlive/2024/texmf-dist/tex/latex/pgf/utilities/pgfrcs.sty (/usr/local/texlive/2024/texmf-dist/tex/generic/pgf/utilities/pgfutil-common.tex
\pgfutil@everybye=\toks36
\pgfutil@tempdima=\dimen190
\pgfutil@tempdimb=\dimen191
) (/usr/local/texlive/2024/texmf-dist/tex/generic/pgf/utilities/pgfutil-latex.def
\pgfutil@abb=\box57
) (/usr/local/texlive/2024/texmf-dist/tex/generic/pgf/utilities/pgfrcs.code.tex (/usr/local/texlive/2024/texmf-dist/tex/generic/pgf/pgf.revision.tex)
Package: pgfrcs 2023-01-15 v3.1.10 (3.1.10)
))
Package: pgf 2023-01-15 v3.1.10 (3.1.10)
 (/usr/local/texlive/2024/texmf-dist/tex/latex/pgf/basiclayer/pgfcore.sty (/usr/local/texlive/2024/texmf-dist/tex/latex/pgf/systemlayer/pgfsys.sty (/usr/local/texlive/2024/texmf-dist/tex/generic/pgf/systemlayer/pgfsys.code.tex
Package: pgfsys 2023-01-15 v3.1.10 (3.1.10)
 (/usr/local/texlive/2024/texmf-dist/tex/generic/pgf/utilities/pgfkeys.code.tex
\pgfkeys@pathtoks=\toks37
\pgfkeys@temptoks=\toks38
 (/usr/local/texlive/2024/texmf-dist/tex/generic/pgf/utilities/pgfkeyslibraryfiltered.code.tex
\pgfkeys@tmptoks=\toks39
))
\pgf@x=\dimen192
\pgf@y=\dimen193
\pgf@xa=\dimen194
\pgf@ya=\dimen195
\pgf@xb=\dimen196
\pgf@yb=\dimen197
\pgf@xc=\dimen198
\pgf@yc=\dimen199
\pgf@xd=\dimen256
\pgf@yd=\dimen257
\w@pgf@writea=\write3
\r@pgf@reada=\read2
\c@pgf@counta=\count297
\c@pgf@countb=\count298
\c@pgf@countc=\count299
\c@pgf@countd=\count300
\t@pgf@toka=\toks40
\t@pgf@tokb=\toks41
\t@pgf@tokc=\toks42
\pgf@sys@id@count=\count301
 (/usr/local/texlive/2024/texmf-dist/tex/generic/pgf/systemlayer/pgf.cfg
File: pgf.cfg 2023-01-15 v3.1.10 (3.1.10)
)
Driver file for pgf: pgfsys-pdftex.def
 (/usr/local/texlive/2024/texmf-dist/tex/generic/pgf/systemlayer/pgfsys-pdftex.def
File: pgfsys-pdftex.def 2023-01-15 v3.1.10 (3.1.10)
 (/usr/local/texlive/2024/texmf-dist/tex/generic/pgf/systemlayer/pgfsys-common-pdf.def
File: pgfsys-common-pdf.def 2023-01-15 v3.1.10 (3.1.10)
))) (/usr/local/texlive/2024/texmf-dist/tex/generic/pgf/systemlayer/pgfsyssoftpath.code.tex
File: pgfsyssoftpath.code.tex 2023-01-15 v3.1.10 (3.1.10)
\pgfsyssoftpath@smallbuffer@items=\count302
\pgfsyssoftpath@bigbuffer@items=\count303
) (/usr/local/texlive/2024/texmf-dist/tex/generic/pgf/systemlayer/pgfsysprotocol.code.tex
File: pgfsysprotocol.code.tex 2023-01-15 v3.1.10 (3.1.10)
)) (/usr/local/texlive/2024/texmf-dist/tex/generic/pgf/basiclayer/pgfcore.code.tex
Package: pgfcore 2023-01-15 v3.1.10 (3.1.10)
 (/usr/local/texlive/2024/texmf-dist/tex/generic/pgf/math/pgfmath.code.tex (/usr/local/texlive/2024/texmf-dist/tex/generic/pgf/math/pgfmathutil.code.tex) (/usr/local/texlive/2024/texmf-dist/tex/generic/pgf/math/pgfmathparser.code.tex
\pgfmath@dimen=\dimen258
\pgfmath@count=\count304
\pgfmath@box=\box58
\pgfmath@toks=\toks43
\pgfmath@stack@operand=\toks44
\pgfmath@stack@operation=\toks45
) (/usr/local/texlive/2024/texmf-dist/tex/generic/pgf/math/pgfmathfunctions.code.tex) (/usr/local/texlive/2024/texmf-dist/tex/generic/pgf/math/pgfmathfunctions.basic.code.tex) (/usr/local/texlive/2024/texmf-dist/tex/generic/pgf/math/pgfmathfunctions.trigonometric.code.tex) (/usr/local/texlive/2024/texmf-dist/tex/generic/pgf/math/pgfmathfunctions.random.code.tex) (/usr/local/texlive/2024/texmf-dist/tex/generic/pgf/math/pgfmathfunctions.comparison.code.tex) (/usr/local/texlive/2024/texmf-dist/tex/generic/pgf/math/pgfmathfunctions.base.code.tex) (/usr/local/texlive/2024/texmf-dist/tex/generic/pgf/math/pgfmathfunctions.round.code.tex) (/usr/local/texlive/2024/texmf-dist/tex/generic/pgf/math/pgfmathfunctions.misc.code.tex) (/usr/local/texlive/2024/texmf-dist/tex/generic/pgf/math/pgfmathfunctions.integerarithmetics.code.tex) (/usr/local/texlive/2024/texmf-dist/tex/generic/pgf/math/pgfmathcalc.code.tex) (/usr/local/texlive/2024/texmf-dist/tex/generic/pgf/math/pgfmathfloat.code.tex
\c@pgfmathroundto@lastzeros=\count305
)) (/usr/local/texlive/2024/texmf-dist/tex/generic/pgf/math/pgfint.code.tex) (/usr/local/texlive/2024/texmf-dist/tex/generic/pgf/basiclayer/pgfcorepoints.code.tex
File: pgfcorepoints.code.tex 2023-01-15 v3.1.10 (3.1.10)
\pgf@picminx=\dimen259
\pgf@picmaxx=\dimen260
\pgf@picminy=\dimen261
\pgf@picmaxy=\dimen262
\pgf@pathminx=\dimen263
\pgf@pathmaxx=\dimen264
\pgf@pathminy=\dimen265
\pgf@pathmaxy=\dimen266
\pgf@xx=\dimen267
\pgf@xy=\dimen268
\pgf@yx=\dimen269
\pgf@yy=\dimen270
\pgf@zx=\dimen271
\pgf@zy=\dimen272
) (/usr/local/texlive/2024/texmf-dist/tex/generic/pgf/basiclayer/pgfcorepathconstruct.code.tex
File: pgfcorepathconstruct.code.tex 2023-01-15 v3.1.10 (3.1.10)
\pgf@path@lastx=\dimen273
\pgf@path@lasty=\dimen274
) (/usr/local/texlive/2024/texmf-dist/tex/generic/pgf/basiclayer/pgfcorepathusage.code.tex
File: pgfcorepathusage.code.tex 2023-01-15 v3.1.10 (3.1.10)
\pgf@shorten@end@additional=\dimen275
\pgf@shorten@start@additional=\dimen276
) (/usr/local/texlive/2024/texmf-dist/tex/generic/pgf/basiclayer/pgfcorescopes.code.tex
File: pgfcorescopes.code.tex 2023-01-15 v3.1.10 (3.1.10)
\pgfpic=\box59
\pgf@hbox=\box60
\pgf@layerbox@main=\box61
\pgf@picture@serial@count=\count306
) (/usr/local/texlive/2024/texmf-dist/tex/generic/pgf/basiclayer/pgfcoregraphicstate.code.tex
File: pgfcoregraphicstate.code.tex 2023-01-15 v3.1.10 (3.1.10)
\pgflinewidth=\dimen277
) (/usr/local/texlive/2024/texmf-dist/tex/generic/pgf/basiclayer/pgfcoretransformations.code.tex
File: pgfcoretransformations.code.tex 2023-01-15 v3.1.10 (3.1.10)
\pgf@pt@x=\dimen278
\pgf@pt@y=\dimen279
\pgf@pt@temp=\dimen280
) (/usr/local/texlive/2024/texmf-dist/tex/generic/pgf/basiclayer/pgfcorequick.code.tex
File: pgfcorequick.code.tex 2023-01-15 v3.1.10 (3.1.10)
) (/usr/local/texlive/2024/texmf-dist/tex/generic/pgf/basiclayer/pgfcoreobjects.code.tex
File: pgfcoreobjects.code.tex 2023-01-15 v3.1.10 (3.1.10)
) (/usr/local/texlive/2024/texmf-dist/tex/generic/pgf/basiclayer/pgfcorepathprocessing.code.tex
File: pgfcorepathprocessing.code.tex 2023-01-15 v3.1.10 (3.1.10)
) (/usr/local/texlive/2024/texmf-dist/tex/generic/pgf/basiclayer/pgfcorearrows.code.tex
File: pgfcorearrows.code.tex 2023-01-15 v3.1.10 (3.1.10)
\pgfarrowsep=\dimen281
) (/usr/local/texlive/2024/texmf-dist/tex/generic/pgf/basiclayer/pgfcoreshade.code.tex
File: pgfcoreshade.code.tex 2023-01-15 v3.1.10 (3.1.10)
\pgf@max=\dimen282
\pgf@sys@shading@range@num=\count307
\pgf@shadingcount=\count308
) (/usr/local/texlive/2024/texmf-dist/tex/generic/pgf/basiclayer/pgfcoreimage.code.tex
File: pgfcoreimage.code.tex 2023-01-15 v3.1.10 (3.1.10)
) (/usr/local/texlive/2024/texmf-dist/tex/generic/pgf/basiclayer/pgfcoreexternal.code.tex
File: pgfcoreexternal.code.tex 2023-01-15 v3.1.10 (3.1.10)
\pgfexternal@startupbox=\box62
) (/usr/local/texlive/2024/texmf-dist/tex/generic/pgf/basiclayer/pgfcorelayers.code.tex
File: pgfcorelayers.code.tex 2023-01-15 v3.1.10 (3.1.10)
) (/usr/local/texlive/2024/texmf-dist/tex/generic/pgf/basiclayer/pgfcoretransparency.code.tex
File: pgfcoretransparency.code.tex 2023-01-15 v3.1.10 (3.1.10)
) (/usr/local/texlive/2024/texmf-dist/tex/generic/pgf/basiclayer/pgfcorepatterns.code.tex
File: pgfcorepatterns.code.tex 2023-01-15 v3.1.10 (3.1.10)
) (/usr/local/texlive/2024/texmf-dist/tex/generic/pgf/basiclayer/pgfcorerdf.code.tex
File: pgfcorerdf.code.tex 2023-01-15 v3.1.10 (3.1.10)
))) (/usr/local/texlive/2024/texmf-dist/tex/generic/pgf/modules/pgfmoduleshapes.code.tex
File: pgfmoduleshapes.code.tex 2023-01-15 v3.1.10 (3.1.10)
\pgfnodeparttextbox=\box63
) (/usr/local/texlive/2024/texmf-dist/tex/generic/pgf/modules/pgfmoduleplot.code.tex
File: pgfmoduleplot.code.tex 2023-01-15 v3.1.10 (3.1.10)
) (/usr/local/texlive/2024/texmf-dist/tex/latex/pgf/compatibility/pgfcomp-version-0-65.sty
Package: pgfcomp-version-0-65 2023-01-15 v3.1.10 (3.1.10)
\pgf@nodesepstart=\dimen283
\pgf@nodesepend=\dimen284
) (/usr/local/texlive/2024/texmf-dist/tex/latex/pgf/compatibility/pgfcomp-version-1-18.sty
Package: pgfcomp-version-1-18 2023-01-15 v3.1.10 (3.1.10)
)) (/usr/local/texlive/2024/texmf-dist/tex/latex/pgf/utilities/pgffor.sty (/usr/local/texlive/2024/texmf-dist/tex/latex/pgf/utilities/pgfkeys.sty (/usr/local/texlive/2024/texmf-dist/tex/generic/pgf/utilities/pgfkeys.code.tex)) (/usr/local/texlive/2024/texmf-dist/tex/latex/pgf/math/pgfmath.sty (/usr/local/texlive/2024/texmf-dist/tex/generic/pgf/math/pgfmath.code.tex)) (/usr/local/texlive/2024/texmf-dist/tex/generic/pgf/utilities/pgffor.code.tex
Package: pgffor 2023-01-15 v3.1.10 (3.1.10)
\pgffor@iter=\dimen285
\pgffor@skip=\dimen286
\pgffor@stack=\toks46
\pgffor@toks=\toks47
)) (/usr/local/texlive/2024/texmf-dist/tex/generic/pgf/frontendlayer/tikz/tikz.code.tex
Package: tikz 2023-01-15 v3.1.10 (3.1.10)
 (/usr/local/texlive/2024/texmf-dist/tex/generic/pgf/libraries/pgflibraryplothandlers.code.tex
File: pgflibraryplothandlers.code.tex 2023-01-15 v3.1.10 (3.1.10)
\pgf@plot@mark@count=\count309
\pgfplotmarksize=\dimen287
)
\tikz@lastx=\dimen288
\tikz@lasty=\dimen289
\tikz@lastxsaved=\dimen290
\tikz@lastysaved=\dimen291
\tikz@lastmovetox=\dimen292
\tikz@lastmovetoy=\dimen293
\tikzleveldistance=\dimen294
\tikzsiblingdistance=\dimen295
\tikz@figbox=\box64
\tikz@figbox@bg=\box65
\tikz@tempbox=\box66
\tikz@tempbox@bg=\box67
\tikztreelevel=\count310
\tikznumberofchildren=\count311
\tikznumberofcurrentchild=\count312
\tikz@fig@count=\count313
 (/usr/local/texlive/2024/texmf-dist/tex/generic/pgf/modules/pgfmodulematrix.code.tex
File: pgfmodulematrix.code.tex 2023-01-15 v3.1.10 (3.1.10)
\pgfmatrixcurrentrow=\count314
\pgfmatrixcurrentcolumn=\count315
\pgf@matrix@numberofcolumns=\count316
)
\tikz@expandcount=\count317
 (/usr/local/texlive/2024/texmf-dist/tex/generic/pgf/frontendlayer/tikz/libraries/tikzlibrarytopaths.code.tex
File: tikzlibrarytopaths.code.tex 2023-01-15 v3.1.10 (3.1.10)
))) (/usr/local/texlive/2024/texmf-dist/tex/generic/pgf/frontendlayer/tikz/libraries/tikzlibrarypositioning.code.tex
File: tikzlibrarypositioning.code.tex 2023-01-15 v3.1.10 (3.1.10)
)
\c@@todonotes@numberoftodonotes=\count318
) (/usr/local/texlive/2024/texmf-dist/tex/latex/amsfonts/amssymb.sty
Package: amssymb 2013/01/14 v3.01 AMS font symbols
) (/usr/local/texlive/2024/texmf-dist/tex/latex/comment/comment.sty
\CommentStream=\write4
 Excluding comment 'comment') (/usr/local/texlive/2024/texmf-dist/tex/latex/caption/caption.sty
Package: caption 2023/08/05 v3.6o Customizing captions (AR)
 (/usr/local/texlive/2024/texmf-dist/tex/latex/caption/caption3.sty
Package: caption3 2023/07/31 v2.4d caption3 kernel (AR)
\caption@tempdima=\dimen296
\captionmargin=\dimen297
\caption@leftmargin=\dimen298
\caption@rightmargin=\dimen299
\caption@width=\dimen300
\caption@indent=\dimen301
\caption@parindent=\dimen302
\caption@hangindent=\dimen303
Package caption Info: Standard document class detected.
)
\c@caption@flags=\count319
\c@continuedfloat=\count320
) (/usr/local/texlive/2024/texmf-dist/tex/latex/caption/subcaption.sty
Package: subcaption 2023/07/28 v1.6b Sub-captions (AR)
Package caption Info: New subtype `subfigure' on input line 238.
\c@subfigure=\count321
Package caption Info: New subtype `subtable' on input line 238.
\c@subtable=\count322
) (/usr/local/texlive/2024/texmf-dist/tex/latex/tools/xspace.sty
Package: xspace 2014/10/28 v1.13 Space after command names (DPC,MH)
) (/usr/local/texlive/2024/texmf-dist/tex/latex/tools/tabularx.sty
Package: tabularx 2023/07/08 v2.11c `tabularx' package (DPC)
 (/usr/local/texlive/2024/texmf-dist/tex/latex/tools/array.sty
Package: array 2023/10/16 v2.5g Tabular extension package (FMi)
\col@sep=\dimen304
\ar@mcellbox=\box68
\extrarowheight=\dimen305
\NC@list=\toks48
\extratabsurround=\skip67
\backup@length=\skip68
\ar@cellbox=\box69
)
\TX@col@width=\dimen306
\TX@old@table=\dimen307
\TX@old@col=\dimen308
\TX@target=\dimen309
\TX@delta=\dimen310
\TX@cols=\count323
\TX@ftn=\toks49
) (/usr/local/texlive/2024/texmf-dist/tex/latex/multirow/multirow.sty
Package: multirow 2021/03/15 v2.8 Span multiple rows of a table
\multirow@colwidth=\skip69
\multirow@cntb=\count324
\multirow@dima=\skip70
\bigstrutjot=\dimen311
) (/usr/local/texlive/2024/texmf-dist/tex/latex/natbib/natbib.sty
Package: natbib 2010/09/13 8.31b (PWD, AO)
\bibhang=\skip71
\bibsep=\skip72
LaTeX Info: Redefining \cite on input line 694.
\c@NAT@ctr=\count325
) (/usr/local/texlive/2024/texmf-dist/tex/latex/algorithms/algorithm.sty
Package: algorithm 2009/08/24 v0.1 Document Style `algorithm' - floating environment
 (/usr/local/texlive/2024/texmf-dist/tex/latex/float/float.sty
Package: float 2001/11/08 v1.3d Float enhancements (AL)
\c@float@type=\count326
\float@exts=\toks50
\float@box=\box70
\@float@everytoks=\toks51
\@floatcapt=\box71
)
\@float@every@algorithm=\toks52
\c@algorithm=\count327
) (/usr/local/texlive/2024/texmf-dist/tex/latex/doublestroke/dsfont.sty
Package: dsfont 1995/08/01 v0.1 Double stroke roman fonts
) (/usr/local/texlive/2024/texmf-dist/tex/latex/thmtools/thmtools.sty
Package: thmtools 2023/05/04 v0.76
\thmt@toks=\toks53
\c@thmt@dummyctr=\count328
 (/usr/local/texlive/2024/texmf-dist/tex/latex/thmtools/thm-patch.sty
Package: thm-patch 2023/05/04 v0.76
 (/usr/local/texlive/2024/texmf-dist/tex/latex/thmtools/parseargs.sty
Package: parseargs 2023/05/04 v0.76
\@parsespec=\toks54
)) (/usr/local/texlive/2024/texmf-dist/tex/latex/thmtools/thm-kv.sty
Package: thm-kv 2023/05/04 v0.76
Package thm-kv Info: Theorem names will be uppercased on input line 42.
 (/usr/local/texlive/2024/texmf-dist/tex/latex/kvsetkeys/kvsetkeys.sty
Package: kvsetkeys 2022-10-05 v1.19 Key value parser (HO)
)
Package thm-kv Info: kvsetkeys patch (v1.16 or later) on input line 158.
) (/usr/local/texlive/2024/texmf-dist/tex/latex/thmtools/thm-autoref.sty
Package: thm-autoref 2023/05/04 v0.76
 (/usr/local/texlive/2024/texmf-dist/tex/latex/thmtools/aliasctr.sty
Package: aliasctr 2023/05/04 v0.76
)) (/usr/local/texlive/2024/texmf-dist/tex/latex/thmtools/thm-listof.sty
Package: thm-listof 2023/05/04 v0.76
) (/usr/local/texlive/2024/texmf-dist/tex/latex/thmtools/thm-restate.sty
Package: thm-restate 2023/05/04 v0.76
) (/usr/local/texlive/2024/texmf-dist/tex/latex/thmtools/thm-amsthm.sty
Package: thm-amsthm 2023/05/04 v0.76
\thmt@style@headstyle=\toks55
)) (/usr/local/texlive/2024/texmf-dist/tex/latex/setspace/setspace.sty
Package: setspace 2022/12/04 v6.7b set line spacing
) (/usr/local/texlive/2024/texmf-dist/tex/latex/appendix/appendix.sty
Package: appendix 2020/02/08 v1.2c extra appendix facilities
\c@@pps=\count329
\c@@ppsavesec=\count330
\c@@ppsaveapp=\count331
) (/usr/local/texlive/2024/texmf-dist/tex/latex/hyperref/hyperref.sty
Package: hyperref 2024-05-23 v7.01i Hypertext links for LaTeX
 (/usr/local/texlive/2024/texmf-dist/tex/generic/iftex/iftex.sty
Package: iftex 2022/02/03 v1.0f TeX engine tests
) (/usr/local/texlive/2024/texmf-dist/tex/generic/kvdefinekeys/kvdefinekeys.sty
Package: kvdefinekeys 2019-12-19 v1.6 Define keys (HO)
) (/usr/local/texlive/2024/texmf-dist/tex/generic/pdfescape/pdfescape.sty
Package: pdfescape 2019/12/09 v1.15 Implements pdfTeX's escape features (HO)
 (/usr/local/texlive/2024/texmf-dist/tex/generic/ltxcmds/ltxcmds.sty
Package: ltxcmds 2023-12-04 v1.26 LaTeX kernel commands for general use (HO)
) (/usr/local/texlive/2024/texmf-dist/tex/generic/pdftexcmds/pdftexcmds.sty
Package: pdftexcmds 2020-06-27 v0.33 Utility functions of pdfTeX for LuaTeX (HO)
 (/usr/local/texlive/2024/texmf-dist/tex/generic/infwarerr/infwarerr.sty
Package: infwarerr 2019/12/03 v1.5 Providing info/warning/error messages (HO)
)
Package pdftexcmds Info: \pdf@primitive is available.
Package pdftexcmds Info: \pdf@ifprimitive is available.
Package pdftexcmds Info: \pdfdraftmode found.
)) (/usr/local/texlive/2024/texmf-dist/tex/latex/hycolor/hycolor.sty
Package: hycolor 2020-01-27 v1.10 Color options for hyperref/bookmark (HO)
) (/usr/local/texlive/2024/texmf-dist/tex/latex/hyperref/nameref.sty
Package: nameref 2023-11-26 v2.56 Cross-referencing by name of section
 (/usr/local/texlive/2024/texmf-dist/tex/latex/refcount/refcount.sty
Package: refcount 2019/12/15 v3.6 Data extraction from label references (HO)
) (/usr/local/texlive/2024/texmf-dist/tex/generic/gettitlestring/gettitlestring.sty
Package: gettitlestring 2019/12/15 v1.6 Cleanup title references (HO)
 (/usr/local/texlive/2024/texmf-dist/tex/latex/kvoptions/kvoptions.sty
Package: kvoptions 2022-06-15 v3.15 Key value format for package options (HO)
))
\c@section@level=\count332
) (/usr/local/texlive/2024/texmf-dist/tex/generic/stringenc/stringenc.sty
Package: stringenc 2019/11/29 v1.12 Convert strings between diff. encodings (HO)
)
\@linkdim=\dimen312
\Hy@linkcounter=\count333
\Hy@pagecounter=\count334
 (/usr/local/texlive/2024/texmf-dist/tex/latex/hyperref/pd1enc.def
File: pd1enc.def 2024-05-23 v7.01i Hyperref: PDFDocEncoding definition (HO)
Now handling font encoding PD1 ...
... no UTF-8 mapping file for font encoding PD1
) (/usr/local/texlive/2024/texmf-dist/tex/generic/intcalc/intcalc.sty
Package: intcalc 2019/12/15 v1.3 Expandable calculations with integers (HO)
)
\Hy@SavedSpaceFactor=\count335
 (/usr/local/texlive/2024/texmf-dist/tex/latex/hyperref/puenc.def
File: puenc.def 2024-05-23 v7.01i Hyperref: PDF Unicode definition (HO)
Now handling font encoding PU ...
... no UTF-8 mapping file for font encoding PU
)
Package hyperref Info: Option `hyperfootnotes' set `false' on input line 4040.
Package hyperref Info: Hyper figures OFF on input line 4157.
Package hyperref Info: Link nesting OFF on input line 4162.
Package hyperref Info: Hyper index ON on input line 4165.
Package hyperref Info: Plain pages OFF on input line 4172.
Package hyperref Info: Backreferencing OFF on input line 4177.
Package hyperref Info: Implicit mode ON; LaTeX internals redefined.
Package hyperref Info: Bookmarks ON on input line 4424.
\c@Hy@tempcnt=\count336
LaTeX Info: Redefining \url on input line 4763.
\XeTeXLinkMargin=\dimen313
 (/usr/local/texlive/2024/texmf-dist/tex/generic/bitset/bitset.sty
Package: bitset 2019/12/09 v1.3 Handle bit-vector datatype (HO)
 (/usr/local/texlive/2024/texmf-dist/tex/generic/bigintcalc/bigintcalc.sty
Package: bigintcalc 2019/12/15 v1.5 Expandable calculations on big integers (HO)
))
\Fld@menulength=\count337
\Field@Width=\dimen314
\Fld@charsize=\dimen315
Package hyperref Info: Hyper figures OFF on input line 6042.
Package hyperref Info: Link nesting OFF on input line 6047.
Package hyperref Info: Hyper index ON on input line 6050.
Package hyperref Info: backreferencing OFF on input line 6057.
Package hyperref Info: Link coloring OFF on input line 6062.
Package hyperref Info: Link coloring with OCG OFF on input line 6067.
Package hyperref Info: PDF/A mode OFF on input line 6072.
 (/usr/local/texlive/2024/texmf-dist/tex/latex/base/atbegshi-ltx.sty
Package: atbegshi-ltx 2021/01/10 v1.0c Emulation of the original atbegshi
package with kernel methods
)
\Hy@abspage=\count338
\c@Item=\count339
)
Package hyperref Info: Driver (autodetected): hpdftex.
 (/usr/local/texlive/2024/texmf-dist/tex/latex/hyperref/hpdftex.def
File: hpdftex.def 2024-05-23 v7.01i Hyperref driver for pdfTeX
 (/usr/local/texlive/2024/texmf-dist/tex/latex/base/atveryend-ltx.sty
Package: atveryend-ltx 2020/08/19 v1.0a Emulation of the original atveryend package
with kernel methods
)
\Fld@listcount=\count340
\c@bookmark@seq@number=\count341
 (/usr/local/texlive/2024/texmf-dist/tex/latex/rerunfilecheck/rerunfilecheck.sty
Package: rerunfilecheck 2022-07-10 v1.10 Rerun checks for auxiliary files (HO)

(/usr/local/texlive/2024/texmf-dist/tex/generic/uniquecounter/uniquecounter.sty
Package: uniquecounter 2019/12/15 v1.4 Provide unlimited unique counter (HO)
)
Package uniquecounter Info: New unique counter `rerunfilecheck' on input line 285.
)
\Hy@SectionHShift=\skip73
) (/usr/local/texlive/2024/texmf-dist/tex/generic/pgf/frontendlayer/tikz/libraries/tikzlibraryarrows.code.tex
File: tikzlibraryarrows.code.tex 2023-01-15 v3.1.10 (3.1.10)
 (/usr/local/texlive/2024/texmf-dist/tex/generic/pgf/libraries/pgflibraryarrows.code.tex
File: pgflibraryarrows.code.tex 2023-01-15 v3.1.10 (3.1.10)
\arrowsize=\dimen316
)) (/usr/local/texlive/2024/texmf-dist/tex/generic/pgf/frontendlayer/tikz/libraries/tikzlibraryautomata.code.tex
File: tikzlibraryautomata.code.tex 2023-01-15 v3.1.10 (3.1.10)
 (/usr/local/texlive/2024/texmf-dist/tex/generic/pgf/frontendlayer/tikz/libraries/tikzlibraryshapes.multipart.code.tex
File: tikzlibraryshapes.multipart.code.tex 2023-01-15 v3.1.10 (3.1.10)
 (/usr/local/texlive/2024/texmf-dist/tex/generic/pgf/libraries/shapes/pgflibraryshapes.multipart.code.tex
File: pgflibraryshapes.multipart.code.tex 2023-01-15 v3.1.10 (3.1.10)
\pgfnodepartlowerbox=\box72
\pgfnodeparttwobox=\box73
\pgfnodepartthreebox=\box74
\pgfnodepartfourbox=\box75
\pgfnodeparttwentybox=\box76
\pgfnodepartnineteenbox=\box77
\pgfnodeparteighteenbox=\box78
\pgfnodepartseventeenbox=\box79
\pgfnodepartsixteenbox=\box80
\pgfnodepartfifteenbox=\box81
\pgfnodepartfourteenbox=\box82
\pgfnodepartthirteenbox=\box83
\pgfnodeparttwelvebox=\box84
\pgfnodepartelevenbox=\box85
\pgfnodeparttenbox=\box86
\pgfnodepartninebox=\box87
\pgfnodeparteightbox=\box88
\pgfnodepartsevenbox=\box89
\pgfnodepartsixbox=\box90
\pgfnodepartfivebox=\box91
))) (/usr/local/texlive/2024/texmf-dist/tex/generic/pgf/frontendlayer/tikz/libraries/tikzlibrarydecorations.markings.code.tex (/usr/local/texlive/2024/texmf-dist/tex/generic/pgf/frontendlayer/tikz/libraries/tikzlibrarydecorations.code.tex (/usr/local/texlive/2024/texmf-dist/tex/generic/pgf/modules/pgfmoduledecorations.code.tex
\pgfdecoratedcompleteddistance=\dimen317
\pgfdecoratedremainingdistance=\dimen318
\pgfdecoratedinputsegmentcompleteddistance=\dimen319
\pgfdecoratedinputsegmentremainingdistance=\dimen320
\pgf@decorate@distancetomove=\dimen321
\pgf@decorate@repeatstate=\count342
\pgfdecorationsegmentamplitude=\dimen322
\pgfdecorationsegmentlength=\dimen323
)
\tikz@lib@dec@box=\box92
) (/usr/local/texlive/2024/texmf-dist/tex/generic/pgf/libraries/decorations/pgflibrarydecorations.markings.code.tex)) (/usr/local/texlive/2024/texmf-dist/tex/generic/pgf/frontendlayer/tikz/libraries/tikzlibrarydecorations.pathreplacing.code.tex (/usr/local/texlive/2024/texmf-dist/tex/generic/pgf/libraries/decorations/pgflibrarydecorations.pathreplacing.code.tex)) (/usr/local/texlive/2024/texmf-dist/tex/generic/babel/babel.sty
Package: babel 2024/05/18 v24.5 The Babel package
\babel@savecnt=\count343
\U@D=\dimen324
\l@unhyphenated=\language89
 (/usr/local/texlive/2024/texmf-dist/tex/generic/babel/txtbabel.def)
\bbl@readstream=\read3
\bbl@dirlevel=\count344
 (/usr/local/texlive/2024/texmf-dist/tex/generic/babel-english/english.ldf
Language: english 2017/06/06 v3.3r English support from the babel system
Package babel Info: Hyphen rules for 'canadian' set to \l@english
(babel)             (\language0). Reported on input line 102.
Package babel Info: Hyphen rules for 'australian' set to \l@ukenglish
(babel)             (\language23). Reported on input line 105.
Package babel Info: Hyphen rules for 'newzealand' set to \l@ukenglish
(babel)             (\language23). Reported on input line 108.
) (/usr/local/texlive/2024/texmf-dist/tex/generic/babel-catalan/catalan.ldf
Language: catalan 2005/03/29 v2.2p Catalan support from the babel system
Package babel Info: Making " an active character on input line 91.
\leftllkern=\dimen325
\rightllkern=\dimen326
\raiselldim=\dimen327
)) (/usr/local/texlive/2024/texmf-dist/tex/generic/babel/locale/ca/babel-catalan.tex
Package babel Info: Importing font and identification data for catalan
(babel)             from babel-ca.ini. Reported on input line 11.
) (/usr/local/texlive/2024/texmf-dist/tex/generic/babel/locale/en/babel-english.tex
Package babel Info: Importing font and identification data for english
(babel)             from babel-en.ini. Reported on input line 11.
) (/usr/local/texlive/2024/texmf-dist/tex/latex/crop/crop.sty
Package: crop 2017/11/19 1.10 crop marks (mf)
 (/usr/local/texlive/2024/texmf-dist/tex/generic/iftex/ifluatex.sty
Package: ifluatex 2019/10/25 v1.5 ifluatex legacy package. Use iftex instead.
)
\CROP@index=\count345
\CROP@offset=\count346
Package crop Info: Local config file crop.cfg used on input line 622.
 (/usr/local/texlive/2024/texmf-dist/tex/xelatex/xetexconfig/crop.cfg)) (/usr/local/texlive/2024/texmf-dist/tex/latex/ebgaramond/ebgaramond.sty
Package: ebgaramond 2024/04/23 (Bob Tennent and autoinst) Style file for EB Garamond fonts.
 (/usr/local/texlive/2024/texmf-dist/tex/generic/iftex/ifxetex.sty
Package: ifxetex 2019/10/25 v0.7 ifxetex legacy package. Use iftex instead.
) (/usr/local/texlive/2024/texmf-dist/tex/latex/base/textcomp.sty
Package: textcomp 2020/02/02 v2.0n Standard LaTeX package
) (/usr/local/texlive/2024/texmf-dist/tex/latex/base/fontenc.sty
Package: fontenc 2021/04/29 v2.0v Standard LaTeX package
) (/usr/local/texlive/2024/texmf-dist/tex/latex/fontaxes/fontaxes.sty
Package: fontaxes 2020/07/21 v1.0e Font selection axes
LaTeX Info: Redefining \upshape on input line 29.
LaTeX Info: Redefining \itshape on input line 31.
LaTeX Info: Redefining \slshape on input line 33.
LaTeX Info: Redefining \swshape on input line 35.
LaTeX Info: Redefining \scshape on input line 37.
LaTeX Info: Redefining \sscshape on input line 39.
LaTeX Info: Redefining \ulcshape on input line 41.
LaTeX Info: Redefining \textsw on input line 47.
LaTeX Info: Redefining \textssc on input line 48.
LaTeX Info: Redefining \textulc on input line 49.
)
LaTeX Info: Redefining \oldstylenums on input line 163.
LaTeX Info: Redefining \textin on input line 167.
LaTeX Info: Redefining \textsw on input line 173.
) (/usr/local/texlive/2024/texmf-dist/tex/latex/base/makeidx.sty
Package: makeidx 2021/10/04 v1.0m Standard LaTeX package
)
\@indexfile=\write5
\openout5 = `tesis.idx'.


Writing index file tesis.idx
(/usr/local/texlive/2024/texmf-dist/tex/latex/enumitem/enumitem.sty
Package: enumitem 2019/06/20 v3.9 Customized lists
\labelindent=\skip74
\enit@outerparindent=\dimen328
\enit@toks=\toks56
\enit@inbox=\box93
\enit@count@id=\count347
\enitdp@description=\count348
) (/usr/local/texlive/2024/texmf-dist/tex/latex/graphics/rotating.sty
Package: rotating 2016/08/11 v2.16d rotated objects in LaTeX
\c@r@tfl@t=\count349
\rotFPtop=\skip75
\rotFPbot=\skip76
\rot@float@box=\box94
\rot@mess@toks=\toks57
)
\c@theorem=\count350
\c@definition=\count351
\c@example=\count352
 (./macros/mdrawing.tex (/usr/local/texlive/2024/texmf-dist/tex/generic/pgf/frontendlayer/tikz/libraries/tikzlibraryshapes.geometric.code.tex
File: tikzlibraryshapes.geometric.code.tex 2023-01-15 v3.1.10 (3.1.10)
 (/usr/local/texlive/2024/texmf-dist/tex/generic/pgf/libraries/shapes/pgflibraryshapes.geometric.code.tex
File: pgflibraryshapes.geometric.code.tex 2023-01-15 v3.1.10 (3.1.10)
)) (/usr/local/texlive/2024/texmf-dist/tex/latex/psnfss/pifont.sty
Package: pifont 2020/03/25 PSNFSS-v9.3 Pi font support (SPQR) 
LaTeX Font Info:    Trying to load font information for U+pzd on input line 63.
 (/usr/local/texlive/2024/texmf-dist/tex/latex/psnfss/upzd.fd
File: upzd.fd 2001/06/04 font definitions for U/pzd.
)
LaTeX Font Info:    Trying to load font information for U+psy on input line 64.
 (/usr/local/texlive/2024/texmf-dist/tex/latex/psnfss/upsy.fd
File: upsy.fd 2001/06/04 font definitions for U/psy.
)) (/usr/local/texlive/2024/texmf-dist/tex/latex/fontawesome/fontawesome.sty
Package: fontawesome 2016/05/15 v4.6.3.1 font awesome icons
 (/usr/local/texlive/2024/texmf-dist/tex/latex/fontawesome/fontawesomesymbols-generic.tex) (/usr/local/texlive/2024/texmf-dist/tex/latex/fontawesome/fontawesomesymbols-pdftex.tex)) (/usr/local/texlive/2024/texmf-dist/tex/latex/wasysym/wasysym.sty
Package: wasysym 2020/01/19 v2.4 Wasy-2 symbol support package
\symwasy=\mathgroup6
LaTeX Font Info:    Overwriting symbol font `wasy' in version `bold'
(Font)                  U/wasy/m/n --> U/wasy/b/n on input line 93.
) (/usr/local/texlive/2024/texmf-dist/tex/latex/marvosym/marvosym.sty
Package: marvosym 2011/07/20 v2.2 Martin Vogel's Symbols font definitions
))
LaTeX Font Info:    Trying to load font information for T1+EBGaramond-OsF on input line 187.
 (/usr/local/texlive/2024/texmf-dist/tex/latex/ebgaramond/T1EBGaramond-OsF.fd
File: T1EBGaramond-OsF.fd 2023/03/19 (autoinst) Font definitions for T1/EBGaramond-OsF.
)
LaTeX Font Info:    Font shape `T1/EBGaramond-OsF/m/n' will be
(Font)              scaled to size 12.0pt on input line 187.
 (/usr/local/texlive/2024/texmf-dist/tex/latex/l3backend/l3backend-pdftex.def
File: l3backend-pdftex.def 2024-05-08 L3 backend support: PDF output (pdfTeX)
\l__color_backend_stack_int=\count353
\l__pdf_internal_box=\box95
) (build/tesis.aux)
\openout1 = `tesis.aux'.

LaTeX Font Info:    Checking defaults for OML/cmm/m/it on input line 187.
LaTeX Font Info:    ... okay on input line 187.
LaTeX Font Info:    Checking defaults for OMS/cmsy/m/n on input line 187.
LaTeX Font Info:    ... okay on input line 187.
LaTeX Font Info:    Checking defaults for OT1/cmr/m/n on input line 187.
LaTeX Font Info:    ... okay on input line 187.
LaTeX Font Info:    Checking defaults for T1/cmr/m/n on input line 187.
LaTeX Font Info:    ... okay on input line 187.
LaTeX Font Info:    Checking defaults for TS1/cmr/m/n on input line 187.
LaTeX Font Info:    ... okay on input line 187.
LaTeX Font Info:    Checking defaults for OMX/cmex/m/n on input line 187.
LaTeX Font Info:    ... okay on input line 187.
LaTeX Font Info:    Checking defaults for U/cmr/m/n on input line 187.
LaTeX Font Info:    ... okay on input line 187.
LaTeX Font Info:    Checking defaults for PD1/pdf/m/n on input line 187.
LaTeX Font Info:    ... okay on input line 187.
LaTeX Font Info:    Checking defaults for PU/pdf/m/n on input line 187.
LaTeX Font Info:    ... okay on input line 187.
LaTeX Info: Redefining \microtypecontext on input line 187.
Package microtype Info: Applying patch `item' on input line 187.
Package microtype Info: Applying patch `toc' on input line 187.
Package microtype Info: Applying patch `eqnum' on input line 187.
Package microtype Info: Applying patch `footnote' on input line 187.
Package microtype Info: Applying patch `verbatim' on input line 187.
Package microtype Info: Generating PDF output.
Package microtype Info: Character protrusion enabled (level 2).
Package microtype Info: Using default protrusion set `alltext'.
Package microtype Info: Automatic font expansion enabled (level 2),
(microtype)             stretch: 20, shrink: 20, step: 1, non-selected.
Package microtype Info: Using default expansion set `alltext-nott'.
LaTeX Info: Redefining \showhyphens on input line 187.
Package microtype Info: No adjustment of tracking.
Package microtype Info: No adjustment of interword spacing.
Package microtype Info: No adjustment of character kerning.
 (/usr/local/texlive/2024/texmf-dist/tex/latex/microtype/mt-EBGaramond.cfg
File: mt-EBGaramond.cfg 2021/10/25 v2.0 microtype config. file: EB Garamond / Adobe Garamond (RS)
) (/usr/local/texlive/2024/texmf-dist/tex/context/base/mkii/supp-pdf.mkii
[Loading MPS to PDF converter (version 2006.09.02).]
\scratchcounter=\count354
\scratchdimen=\dimen329
\scratchbox=\box96
\nofMPsegments=\count355
\nofMParguments=\count356
\everyMPshowfont=\toks58
\MPscratchCnt=\count357
\MPscratchDim=\dimen330
\MPnumerator=\count358
\makeMPintoPDFobject=\count359
\everyMPtoPDFconversion=\toks59
) (/usr/local/texlive/2024/texmf-dist/tex/latex/epstopdf-pkg/epstopdf-base.sty
Package: epstopdf-base 2020-01-24 v2.11 Base part for package epstopdf
Package epstopdf-base Info: Redefining graphics rule for `.eps' on input line 485.
 (/usr/local/texlive/2024/texmf-dist/tex/latex/latexconfig/epstopdf-sys.cfg
File: epstopdf-sys.cfg 2010/07/13 v1.3 Configuration of (r)epstopdf for TeX Live
))
Package caption Info: Begin \AtBeginDocument code.
Package caption Info: float package is loaded.
Package caption Info: hyperref package is loaded.
Package caption Info: rotating package is loaded.
Package caption Info: End \AtBeginDocument code.
Package hyperref Info: Link coloring OFF on input line 187.
 (build/tesis.out) (build/tesis.out)
\@outlinefile=\write6
\openout6 = `tesis.out'.

LaTeX Info: Redefining \l on input line 187.
LaTeX Info: Redefining \L on input line 187.
Package crop Info: requested driver: `' on input line 187.
Package crop Info: detected driver: `pdftex' on input line 187.
Package crop Info: using `pdftex' graphics driver on input line 187.
\c@mv@tabular=\count360
\c@mv@boldtabular=\count361
LaTeX Font Info:    Font shape `T1/EBGaramond-OsF/m/n' will be
(Font)              scaled to size 20.74pt on input line 192.
LaTeX Font Info:    Trying to load font information for T1+cmss on input line 192.
 (/usr/local/texlive/2024/texmf-dist/tex/latex/base/t1cmss.fd
File: t1cmss.fd 2023/04/13 v2.5m Standard LaTeX font definitions
)
Package microtype Info: Loading generic protrusion settings for font family
(microtype)             `cmss' (encoding: T1).
(microtype)             For optimal results, create family-specific settings.
(microtype)             See the microtype manual for details.
LaTeX Font Info:    Font shape `T1/EBGaramond-OsF/m/n' will be
(Font)              scaled to size 17.28pt on input line 192.
LaTeX Font Info:    Font shape `T1/EBGaramond-OsF/m/n' will be
(Font)              scaled to size 14.4pt on input line 192.
 (/usr/local/texlive/2024/texmf-dist/tex/latex/microtype/mt-cmr.cfg
File: mt-cmr.cfg 2013/05/19 v2.2 microtype config. file: Computer Modern Roman (RS)
)
LaTeX Font Info:    Trying to load font information for U+msa on input line 192.
 (/usr/local/texlive/2024/texmf-dist/tex/latex/amsfonts/umsa.fd
File: umsa.fd 2013/01/14 v3.01 AMS symbols A
) (/usr/local/texlive/2024/texmf-dist/tex/latex/microtype/mt-msa.cfg
File: mt-msa.cfg 2006/02/04 v1.1 microtype config. file: AMS symbols (a) (RS)
)
LaTeX Font Info:    Trying to load font information for U+msb on input line 192.
 (/usr/local/texlive/2024/texmf-dist/tex/latex/amsfonts/umsb.fd
File: umsb.fd 2013/01/14 v3.01 AMS symbols B
) (/usr/local/texlive/2024/texmf-dist/tex/latex/microtype/mt-msb.cfg
File: mt-msb.cfg 2005/06/01 v1.0 microtype config. file: AMS symbols (b) (RS)
)
LaTeX Font Info:    Trying to load font information for U+wasy on input line 192.
 (/usr/local/texlive/2024/texmf-dist/tex/latex/wasysym/uwasy.fd
File: uwasy.fd 2020/01/19 v2.4 Wasy-2 symbol font definitions
)
LaTeX Font Info:    Font shape `T1/EBGaramond-OsF/m/n' will be
(Font)              scaled to size 24.88pt on input line 192.
<logo_upf.png, id=288, 240.9pt x 87.6876pt>
File: logo_upf.png Graphic file (type png)
<use logo_upf.png>
Package pdftex.def Info: logo_upf.png  used on input line 192.
(pdftex.def)             Requested size: 96.35828pt x 35.0744pt.
 [1{/usr/local/texlive/2024/texmf-var/fonts/map/pdftex/updmap/pdftex.map}{/usr/local/texlive/2024/texmf-dist/fonts/enc/dvips/ebgaramond/ebg_tcdnmr.enc}





{/usr/local/texlive/2024/texmf-dist/fonts/enc/dvips/cm-super/cm-super-t1.enc} <./logo_upf.png>] [2


] [3] [4


] (./chapters/ack.tex
LaTeX Font Info:    Font shape `T1/EBGaramond-OsF/b/n' will be
(Font)              scaled to size 24.88pt on input line 1.
) [5


] [6


]
LaTeX Font Info:    Font shape `T1/EBGaramond-OsF/b/n' will be
(Font)              scaled to size 12.0pt on input line 220.
 [7


] [8


] (build/tesis.toc [9


] [10])
\tf@toc=\write7
\openout7 = `tesis.toc'.

 [11] [12


] (build/tesis.lof
LaTeX Font Info:    Font shape `T1/EBGaramond-OsF/m/n' will be
(Font)              scaled to size 8.0pt on input line 13.
LaTeX Font Info:    Font shape `T1/EBGaramond-OsF/m/n' will be
(Font)              scaled to size 6.0pt on input line 13.
LaTeX Font Info:    Trying to load font information for U+mvs on input line 22.
 (/usr/local/texlive/2024/texmf-dist/tex/latex/marvosym/umvs.fd) (/usr/local/texlive/2024/texmf-dist/tex/latex/microtype/mt-mvs.cfg
File: mt-mvs.cfg 2006/07/05 v1.1 microtype config. file: Marvosym Euro (RS)
)
Overfull \hbox (25.72641pt too wide) in paragraph at lines 22--22
 \OMS/cmsy/m/n/12 P \OT1/cmr/m/n/12 = \OMS/cmsy/m/n/12 f[]\OML/cmm/m/it/12 ; []; o\OMS/cmsy/m/n/12 g$ \T1/EBGaramond-OsF/m/n/12 (-20) while the set of exit states is $\OMS/cmsy/m/n/12 E \OT1/cmr/m/n/12 = \OMS/cmsy/m/n/12 f[][]\OML/cmm/m/it/12 ; [][]; [][]; [][]; o[]; o[]\OMS/cmsy/m/n/12 g$\T1/EBGaramond-OsF/m/n/12 (-20) . 
 []

[13])
\tf@lof=\write8
\openout8 = `tesis.lof'.

 [14] (build/tesis.lot)
\tf@lot=\write9
\openout9 = `tesis.lot'.

 [15


] [16


]
Chapter 1.
(./chapters/introduction.tex
LaTeX Font Info:    Font shape `T1/EBGaramond-OsF/b/n' will be
(Font)              scaled to size 17.28pt on input line 1.
LaTeX Font Info:    Trying to load font information for TS1+EBGaramond-OsF on input line 5.
 (/usr/local/texlive/2024/texmf-dist/tex/latex/ebgaramond/TS1EBGaramond-OsF.fd
File: TS1EBGaramond-OsF.fd 2023/03/19 (autoinst) Font definitions for TS1/EBGaramond-OsF.
)
LaTeX Font Info:    Font shape `TS1/EBGaramond-OsF/m/n' will be
(Font)              scaled to size 12.0pt on input line 5.
Package microtype Info: Character `textthreeoldstyle ' is missing
(microtype)             in font `TS1/EBGaramond-OsF/m/n/12'.
(microtype)             Ignoring protrusion settings for this character.
Package microtype Info: Character `textfouroldstyle ' is missing
(microtype)             in font `TS1/EBGaramond-OsF/m/n/12'.
(microtype)             Ignoring protrusion settings for this character.
Package microtype Info: Character `textsevenoldstyle ' is missing
(microtype)             in font `TS1/EBGaramond-OsF/m/n/12'.
(microtype)             Ignoring protrusion settings for this character.
Package microtype Info: Character `textlbrackdbl ' is missing
(microtype)             in font `TS1/EBGaramond-OsF/m/n/12'.
(microtype)             Ignoring protrusion settings for this character.
Package microtype Info: Character `textrbrackdbl ' is missing
(microtype)             in font `TS1/EBGaramond-OsF/m/n/12'.
(microtype)             Ignoring protrusion settings for this character.
Package microtype Info: Character `texttildelow ' is missing
(microtype)             in font `TS1/EBGaramond-OsF/m/n/12'.
(microtype)             Ignoring protrusion settings for this character.
LaTeX Font Info:    Font shape `T1/EBGaramond-OsF/m/it' will be
(Font)              scaled to size 12.0pt on input line 6.
) [1


{/usr/local/texlive/2024/texmf-dist/fonts/enc/dvips/ebgaramond/ebg_yod6vr.enc}{/usr/local/texlive/2024/texmf-dist/fonts/enc/dvips/ebgaramond/ebg_ljow5q.enc}] [2]
Chapter 2.
(./chapters/background.tex [3


]
<figures/background/RL_loop.png, id=525, 258.0039pt x 108.405pt>
File: figures/background/RL_loop.png Graphic file (type png)
<use figures/background/RL_loop.png>
Package pdftex.def Info: figures/background/RL_loop.png  used on input line 22.
(pdftex.def)             Requested size: 312.00119pt x 131.09435pt.
 [4 <./figures/background/RL_loop.png>]
LaTeX Font Info:    Font shape `T1/EBGaramond-OsF/b/n' will be
(Font)              scaled to size 14.4pt on input line 52.
 [5] [6] [7]
Package hyperref Info: bookmark level for unknown todo defaults to 0 on input line 130.
 [8]
Package hyperref Info: bookmark level for unknown assumption defaults to 0 on input line 180.
 [9] (./figures/background/unichain.tex) (./figures/background/multichain.tex) [10] [11] [12]

LaTeX Font Warning: Font shape `U/wasy/b/n' in size <8> not available
(Font)              Font shape `U/wasy/m/n' tried instead on input line 285.


LaTeX Font Warning: Font shape `U/wasy/b/n' in size <6> not available
(Font)              Font shape `U/wasy/m/n' tried instead on input line 285.

[13] [14] [15]
Overfull \hbox (6.32504pt too wide) in paragraph at lines 340--341
[]\T1/EBGaramond-OsF/m/n/12 (-20) Even though this for-mu-la-tion is ar-guably re-stricted, the in-tu-ition of entropy-regularization
 []

[16] [17] [18] [19] [20] [21] [22] (./figures/background/recursive_optimality.tex) (./figures/background/hierarchical_optimality.tex)
LaTeX Font Info:    Trying to load font information for T1+cmtt on input line 564.
 (/usr/local/texlive/2024/texmf-dist/tex/latex/base/t1cmtt.fd
File: t1cmtt.fd 2023/04/13 v2.5m Standard LaTeX font definitions
)
Package microtype Info: Loading generic protrusion settings for font family
(microtype)             `cmtt' (encoding: T1).
(microtype)             For optimal results, create family-specific settings.
(microtype)             See the microtype manual for details.
 [23]) [24]
Chapter 3.
(./chapters/chapter1.tex [25


] [26] [27] [28]
Package hyperref Info: bookmark level for unknown definition defaults to 0 on input line 73.
 (./figures/chapter1/tikz/nrooms.tex) (./figures/chapter1/tikz/nroom_subtask.tex
LaTeX Font Info:    Font shape `T1/EBGaramond-OsF/m/n' will be
(Font)              scaled to size 10.95pt on input line 9.
) [29] [30] [31] (./figures/chapter1/tikz/taxi.tex
LaTeX Font Info:    Trying to load font information for U+fontawesomeone on input line 17.
 (/usr/local/texlive/2024/texmf-dist/tex/latex/fontawesome/ufontawesomeone.fd
File: ufontawesomeone.fd 2016/05/22 Font definitions for U/fontawesomeone.
)) [32{/usr/local/texlive/2024/texmf-dist/fonts/enc/dvips/fontawesome/fontawesomeone.enc}]
Underfull \hbox (badness 10000) in paragraph at lines 159--162

 []

[33]
Package hyperref Info: bookmark level for unknown algorithm defaults to 0 on input line 192.
LaTeX Font Info:    Font shape `T1/EBGaramond-OsF/m/n' will be
(Font)              scaled to size 10.0pt on input line 194.

Underfull \hbox (badness 10000) in paragraph at lines 194--197
\T1/EBGaramond-OsF/m/n/12 (+20) A set $\OMS/cmsy/m/n/12 fC[]\OML/cmm/m/it/12 ; [] ; \OMS/cmsy/m/n/12 C[]g$ \T1/EBGaramond-OsF/m/n/12 (+20) of equiv-a-lent sub-tasks and re-lated base LMDPs $
 []

[34]
Package hyperref Info: bookmark level for unknown lemma defaults to 0 on input line 218.
 [35]
LaTeX Font Info:    Font shape `T1/EBGaramond-OsF/m/n' will be
(Font)              scaled to size 7.0pt on input line 269.
 [36]
<figures/chapter1/learning/nrooms_3_3.png, id=1012, 611.886pt x 429.2838pt>
File: figures/chapter1/learning/nrooms_3_3.png Graphic file (type png)
<use figures/chapter1/learning/nrooms_3_3.png>
Package pdftex.def Info: figures/chapter1/learning/nrooms_3_3.png  used on input line 287.
(pdftex.def)             Requested size: 124.80286pt x 87.55832pt.
<figures/chapter1/learning/nrooms_5_5.png, id=1013, 611.886pt x 429.2838pt>
File: figures/chapter1/learning/nrooms_5_5.png Graphic file (type png)
<use figures/chapter1/learning/nrooms_5_5.png>
Package pdftex.def Info: figures/chapter1/learning/nrooms_5_5.png  used on input line 288.
(pdftex.def)             Requested size: 124.80286pt x 87.55832pt.
<figures/chapter1/learning/nrooms_8_8.png, id=1014, 611.886pt x 429.2838pt>
File: figures/chapter1/learning/nrooms_8_8.png Graphic file (type png)
<use figures/chapter1/learning/nrooms_8_8.png>
Package pdftex.def Info: figures/chapter1/learning/nrooms_8_8.png  used on input line 289.
(pdftex.def)             Requested size: 124.80286pt x 87.55832pt.
<figures/chapter1/subtasks/nrooms_3_3_subtasks.png, id=1015, 591.6504pt x 429.2838pt>
File: figures/chapter1/subtasks/nrooms_3_3_subtasks.png Graphic file (type png)
<use figures/chapter1/subtasks/nrooms_3_3_subtasks.png>
Package pdftex.def Info: figures/chapter1/subtasks/nrooms_3_3_subtasks.png  used on input line 290.
(pdftex.def)             Requested size: 124.80286pt x 90.55182pt.
<figures/chapter1/subtasks/nrooms_5_5_subtasks.png, id=1016, 591.6504pt x 429.2838pt>
File: figures/chapter1/subtasks/nrooms_5_5_subtasks.png Graphic file (type png)
<use figures/chapter1/subtasks/nrooms_5_5_subtasks.png>
Package pdftex.def Info: figures/chapter1/subtasks/nrooms_5_5_subtasks.png  used on input line 291.
(pdftex.def)             Requested size: 124.80286pt x 90.55182pt.
<figures/chapter1/subtasks/nrooms_8_8_subtasks.png, id=1017, 591.6504pt x 429.2838pt>
File: figures/chapter1/subtasks/nrooms_8_8_subtasks.png Graphic file (type png)
<use figures/chapter1/subtasks/nrooms_8_8_subtasks.png>
Package pdftex.def Info: figures/chapter1/subtasks/nrooms_8_8_subtasks.png  used on input line 292.
(pdftex.def)             Requested size: 124.80286pt x 90.55182pt.
 [37]
<figures/chapter1/learning/taxi_5.png, id=1027, 611.886pt x 429.2838pt>
File: figures/chapter1/learning/taxi_5.png Graphic file (type png)
<use figures/chapter1/learning/taxi_5.png>
Package pdftex.def Info: figures/chapter1/learning/taxi_5.png  used on input line 329.
(pdftex.def)             Requested size: 191.10214pt x 134.07225pt.
<figures/chapter1/learning/taxi_10.png, id=1028, 611.886pt x 429.2838pt>
File: figures/chapter1/learning/taxi_10.png Graphic file (type png)
<use figures/chapter1/learning/taxi_10.png>
Package pdftex.def Info: figures/chapter1/learning/taxi_10.png  used on input line 330.
(pdftex.def)             Requested size: 191.10214pt x 134.07225pt.
<figures/chapter1/subtasks/taxi_5_subtasks.png, id=1029, 591.6504pt x 429.2838pt>
File: figures/chapter1/subtasks/taxi_5_subtasks.png Graphic file (type png)
<use figures/chapter1/subtasks/taxi_5_subtasks.png>
Package pdftex.def Info: figures/chapter1/subtasks/taxi_5_subtasks.png  used on input line 331.
(pdftex.def)             Requested size: 191.10214pt x 138.65749pt.
<figures/chapter1/subtasks/taxi_10_subtasks.png, id=1030, 607.5498pt x 429.2838pt>
File: figures/chapter1/subtasks/taxi_10_subtasks.png Graphic file (type png)
<use figures/chapter1/subtasks/taxi_10_subtasks.png>
Package pdftex.def Info: figures/chapter1/subtasks/taxi_10_subtasks.png  used on input line 332.
(pdftex.def)             Requested size: 191.10214pt x 135.0286pt.


LaTeX Warning: `!h' float specifier changed to `!ht'.

[38 <./figures/chapter1/learning/nrooms_3_3.png (PNG copy)> <./figures/chapter1/learning/nrooms_5_5.png (PNG copy)> <./figures/chapter1/learning/nrooms_8_8.png (PNG copy)> <./figures/chapter1/subtasks/nrooms_3_3_subtasks.png (PNG copy)> <./figures/chapter1/subtasks/nrooms_5_5_subtasks.png (PNG copy)> <./figures/chapter1/subtasks/nrooms_8_8_subtasks.png (PNG copy)>]) [39 <./figures/chapter1/learning/taxi_5.png (PNG copy)> <./figures/chapter1/learning/taxi_10.png (PNG copy)> <./figures/chapter1/subtasks/taxi_5_subtasks.png (PNG copy)> <./figures/chapter1/subtasks/taxi_10_subtasks.png (PNG copy)>] [40


]
Chapter 4.
(./chapters/chapter2.tex [41] [42]
Package hyperref Info: bookmark level for unknown theorem defaults to 0 on input line 73.
 [43]
LaTeX Font Info:    Trying to load font information for U+dsrom on input line 82.
 (/usr/local/texlive/2024/texmf-dist/tex/latex/doublestroke/Udsrom.fd
File: Udsrom.fd 1995/08/01 v0.1 Double stroke roman font definitions
)
Package microtype Info: Fixing zero \fontdimen 6 for font `U/dsrom/m/n/12'
(microtype)             (new value: 12.0pt) on input line 82.
Package microtype Info: Fixing zero \fontdimen 6 for font `U/dsrom/m/n/8'
(microtype)             (new value: 8.0pt) on input line 82.
Package microtype Info: Fixing zero \fontdimen 6 for font `U/dsrom/m/n/6'
(microtype)             (new value: 6.0pt) on input line 82.
 (./figures/chapter2/tikz/nrooms.tex
Package microtype Info: Fixing zero \fontdimen 6 for font `U/dsrom/m/n/5'
(microtype)             (new value: 5.0pt) on input line 28.
) [44] [45] [46] [47]
Underfull \hbox (badness 7326) in paragraph at lines 220--221
[]\T1/EBGaramond-OsF/m/n/12 (+20) Strict mono-tonic-ity re-quires that there ex-ists $\OML/cmm/m/it/12 " > \OT1/cmr/m/n/12 0$ \T1/EBGaramond-OsF/m/n/12 (+20) such that $
 []

[48]
Package hyperref Info: bookmark level for unknown corollary defaults to 0 on input line 243.
 [49]
Package microtype Info: Fixing zero \fontdimen 6 for font `U/dsrom/m/n/10'
(microtype)             (new value: 10.0pt) on input line 301.
Package microtype Info: Fixing zero \fontdimen 6 for font `U/dsrom/m/n/7'
(microtype)             (new value: 7.0pt) on input line 301.
 [50]
<figures/chapter2/eigenvectors/lmdp-nroom-3.pdf, id=1208, 541.52937pt x 406.74712pt>
File: figures/chapter2/eigenvectors/lmdp-nroom-3.pdf Graphic file (type pdf)
<use figures/chapter2/eigenvectors/lmdp-nroom-3.pdf>
Package pdftex.def Info: figures/chapter2/eigenvectors/lmdp-nroom-3.pdf  used on input line 314.
(pdftex.def)             Requested size: 191.10214pt x 143.53664pt.
<figures/chapter2/eigenvectors/lmdp-taxi-8.pdf, id=1210, 541.52937pt x 406.74712pt>
File: figures/chapter2/eigenvectors/lmdp-taxi-8.pdf Graphic file (type pdf)
<use figures/chapter2/eigenvectors/lmdp-taxi-8.pdf>
Package pdftex.def Info: figures/chapter2/eigenvectors/lmdp-taxi-8.pdf  used on input line 315.
(pdftex.def)             Requested size: 191.10214pt x 143.53664pt.
 [51]
<figures/chapter2/online/nrooms_3_3_1.png, id=1227, 605.6226pt x 436.029pt>
File: figures/chapter2/online/nrooms_3_3_1.png Graphic file (type png)
<use figures/chapter2/online/nrooms_3_3_1.png>
Package pdftex.def Info: figures/chapter2/online/nrooms_3_3_1.png  used on input line 331.
(pdftex.def)             Requested size: 189.44434pt x 136.39178pt.
<figures/chapter2/online/nrooms_5_5_1.png, id=1229, 606.5862pt x 436.029pt>
File: figures/chapter2/online/nrooms_5_5_1.png Graphic file (type png)
<use figures/chapter2/online/nrooms_5_5_1.png>
Package pdftex.def Info: figures/chapter2/online/nrooms_5_5_1.png  used on input line 332.
(pdftex.def)             Requested size: 189.44434pt x 136.17223pt.
<figures/chapter2/online/nrooms_8_8_1.png, id=1231, 590.6868pt x 436.029pt>
File: figures/chapter2/online/nrooms_8_8_1.png Graphic file (type png)
<use figures/chapter2/online/nrooms_8_8_1.png>
Package pdftex.def Info: figures/chapter2/online/nrooms_8_8_1.png  used on input line 333.
(pdftex.def)             Requested size: 189.44434pt x 139.84482pt.
<figures/chapter2/online/nrooms_3_3_subtasks_1.png, id=1233, 603.6954pt x 436.029pt>
File: figures/chapter2/online/nrooms_3_3_subtasks_1.png Graphic file (type png)
<use figures/chapter2/online/nrooms_3_3_subtasks_1.png>
Package pdftex.def Info: figures/chapter2/online/nrooms_3_3_subtasks_1.png  used on input line 335.
(pdftex.def)             Requested size: 189.44434pt x 136.82425pt.
<figures/chapter2/online/nrooms_5_5_subtasks_1.png, id=1235, 615.2586pt x 436.029pt>
File: figures/chapter2/online/nrooms_5_5_subtasks_1.png Graphic file (type png)
<use figures/chapter2/online/nrooms_5_5_subtasks_1.png>
Package pdftex.def Info: figures/chapter2/online/nrooms_5_5_subtasks_1.png  used on input line 336.
(pdftex.def)             Requested size: 189.44434pt x 134.25609pt.
<figures/chapter2/online/nrooms_8_8_subtasks_1.png, id=1237, 603.6954pt x 436.029pt>
File: figures/chapter2/online/nrooms_8_8_subtasks_1.png Graphic file (type png)
<use figures/chapter2/online/nrooms_8_8_subtasks_1.png>
Package pdftex.def Info: figures/chapter2/online/nrooms_8_8_subtasks_1.png  used on input line 337.
(pdftex.def)             Requested size: 189.44434pt x 136.82425pt.
<figures/chapter2/online/nrooms_3_3_gammas_1.png, id=1239, 617.1858pt x 436.029pt>
File: figures/chapter2/online/nrooms_3_3_gammas_1.png Graphic file (type png)
<use figures/chapter2/online/nrooms_3_3_gammas_1.png>
Package pdftex.def Info: figures/chapter2/online/nrooms_3_3_gammas_1.png  used on input line 339.
(pdftex.def)             Requested size: 189.44434pt x 133.83693pt.
<figures/chapter2/online/nrooms_5_5_gammas_1.png, id=1241, 617.1858pt x 436.029pt>
File: figures/chapter2/online/nrooms_5_5_gammas_1.png Graphic file (type png)
<use figures/chapter2/online/nrooms_5_5_gammas_1.png>
Package pdftex.def Info: figures/chapter2/online/nrooms_5_5_gammas_1.png  used on input line 340.
(pdftex.def)             Requested size: 189.44434pt x 133.83693pt.
<figures/chapter2/online/nrooms_8_8_gammas_1.png, id=1243, 617.1858pt x 436.029pt>
File: figures/chapter2/online/nrooms_8_8_gammas_1.png Graphic file (type png)
<use figures/chapter2/online/nrooms_8_8_gammas_1.png>
Package pdftex.def Info: figures/chapter2/online/nrooms_8_8_gammas_1.png  used on input line 341.
(pdftex.def)             Requested size: 189.44434pt x 133.83693pt.
 [52 <./figures/chapter2/eigenvectors/lmdp-nroom-3.pdf> <./figures/chapter2/eigenvectors/lmdp-taxi-8.pdf>] [53 <./figures/chapter2/online/nrooms_3_3_1.png (PNG copy)> <./figures/chapter2/online/nrooms_5_5_1.png (PNG copy)> <./figures/chapter2/online/nrooms_8_8_1.png (PNG copy)> <./figures/chapter2/online/nrooms_3_3_subtasks_1.png (PNG copy)> <./figures/chapter2/online/nrooms_5_5_subtasks_1.png (PNG copy)> <./figures/chapter2/online/nrooms_8_8_subtasks_1.png (PNG copy)> <./figures/chapter2/online/nrooms_3_3_gammas_1.png (PNG copy)> <./figures/chapter2/online/nrooms_5_5_gammas_1.png (PNG copy)> <./figures/chapter2/online/nrooms_8_8_gammas_1.png (PNG copy)>]
<figures/chapter2/online/taxi_5_1.png, id=1363, 590.6868pt x 436.029pt>
File: figures/chapter2/online/taxi_5_1.png Graphic file (type png)
<use figures/chapter2/online/taxi_5_1.png>
Package pdftex.def Info: figures/chapter2/online/taxi_5_1.png  used on input line 359.
(pdftex.def)             Requested size: 191.10214pt x 141.06903pt.
<figures/chapter2/online/taxi_8_1.png, id=1365, 606.5862pt x 436.029pt>
File: figures/chapter2/online/taxi_8_1.png Graphic file (type png)
<use figures/chapter2/online/taxi_8_1.png>
Package pdftex.def Info: figures/chapter2/online/taxi_8_1.png  used on input line 360.
(pdftex.def)             Requested size: 191.10214pt x 137.36981pt.
<figures/chapter2/online/taxi_5_subtask_1.png, id=1367, 603.6954pt x 436.029pt>
File: figures/chapter2/online/taxi_5_subtask_1.png Graphic file (type png)
<use figures/chapter2/online/taxi_5_subtask_1.png>
Package pdftex.def Info: figures/chapter2/online/taxi_5_subtask_1.png  used on input line 361.
(pdftex.def)             Requested size: 191.10214pt x 138.02184pt.
<figures/chapter2/online/taxi_8_subtask_1.png, id=1369, 587.796pt x 436.029pt>
File: figures/chapter2/online/taxi_8_subtask_1.png Graphic file (type png)
<use figures/chapter2/online/taxi_8_subtask_1.png>
Package pdftex.def Info: figures/chapter2/online/taxi_8_subtask_1.png  used on input line 362.
(pdftex.def)             Requested size: 191.10214pt x 141.76096pt.
<figures/chapter2/online/taxi_5_gammas_1.png, id=1371, 617.1858pt x 436.029pt>
File: figures/chapter2/online/taxi_5_gammas_1.png Graphic file (type png)
<use figures/chapter2/online/taxi_5_gammas_1.png>
Package pdftex.def Info: figures/chapter2/online/taxi_5_gammas_1.png  used on input line 363.
(pdftex.def)             Requested size: 191.10214pt x 135.0079pt.
<figures/chapter2/online/taxi_8_gammas_1.png, id=1373, 617.1858pt x 436.029pt>
File: figures/chapter2/online/taxi_8_gammas_1.png Graphic file (type png)
<use figures/chapter2/online/taxi_8_gammas_1.png>
Package pdftex.def Info: figures/chapter2/online/taxi_8_gammas_1.png  used on input line 364.
(pdftex.def)             Requested size: 191.10214pt x 135.0079pt.
) [54] [55 <./figures/chapter2/online/taxi_5_1.png (PNG copy)> <./figures/chapter2/online/taxi_8_1.png (PNG copy)> <./figures/chapter2/online/taxi_5_subtask_1.png (PNG copy)> <./figures/chapter2/online/taxi_8_subtask_1.png (PNG copy)> <./figures/chapter2/online/taxi_5_gammas_1.png (PNG copy)> <./figures/chapter2/online/taxi_8_gammas_1.png (PNG copy)>] [56


]
Chapter 5.
(./chapters/chapter3.tex
Overfull \hbox (1.39156pt too wide) in paragraph at lines 9--10
[]\T1/EBGaramond-OsF/m/n/12 (-20) The method in-tro-duced in this chap-ter aims to build op-ti-mal so-lu-tions to non-Markovian
 []

[57]
LaTeX Font Info:    Font shape `T1/EBGaramond-OsF/m/sc' will be
(Font)              scaled to size 12.0pt on input line 15.
 [58{/usr/local/texlive/2024/texmf-dist/fonts/enc/dvips/ebgaramond/ebg_byuyni.enc}] (./figures/chapter3/office.tex
Package microtype Info: Fixing zero \fontdimen 6 for font `U/dsrom/m/n/10.95'
(microtype)             (new value: 10.95pt) on input line 10.
) (./figures/chapter3/fsm/office/fsm_office_composite_ex.tex) [59] [60] [61] [62] [63]
<figures/chapter3/results/delivery_learning.pdf, id=1495, 618.23782pt x 432.51526pt>
File: figures/chapter3/results/delivery_learning.pdf Graphic file (type pdf)
<use figures/chapter3/results/delivery_learning.pdf>
Package pdftex.def Info: figures/chapter3/results/delivery_learning.pdf  used on input line 162.
(pdftex.def)             Requested size: 173.10541pt x 121.10344pt.
<figures/chapter3/results/office_learning.pdf, id=1496, 606.74176pt x 432.1859pt>
File: figures/chapter3/results/office_learning.pdf Graphic file (type pdf)
<use figures/chapter3/results/office_learning.pdf>
Package pdftex.def Info: figures/chapter3/results/office_learning.pdf  used on input line 169.
(pdftex.def)             Requested size: 169.88654pt x 121.01122pt.
<figures/chapter3/results/readapt_delivery.pdf, id=1497, 629.7339pt x 432.29568pt>
File: figures/chapter3/results/readapt_delivery.pdf Graphic file (type pdf)
<use figures/chapter3/results/readapt_delivery.pdf>
Package pdftex.def Info: figures/chapter3/results/readapt_delivery.pdf  used on input line 175.
(pdftex.def)             Requested size: 176.32428pt x 121.04196pt.
<figures/chapter3/results/readapt_office.pdf, id=1498, 618.23782pt x 431.96632pt>
File: figures/chapter3/results/readapt_office.pdf Graphic file (type pdf)
<use figures/chapter3/results/readapt_office.pdf>
Package pdftex.def Info: figures/chapter3/results/readapt_office.pdf  used on input line 182.
(pdftex.def)             Requested size: 173.10541pt x 120.94974pt.

Overfull \hbox (1.5996pt too wide) in paragraph at lines 160--186
[][]  []
 []


Overfull \hbox (1.5996pt too wide) in paragraph at lines 160--186
[]  [] 
 []

[64] (./figures/chapter3/delivery.tex) [65 <./figures/chapter3/results/delivery_learning.pdf> <./figures/chapter3/results/office_learning.pdf> <./figures/chapter3/results/readapt_delivery.pdf> <./figures/chapter3/results/readapt_office.pdf>] [66]
<figures/chapter3/double_slit.png, id=1693, 703.62875pt x 349.305pt>
File: figures/chapter3/double_slit.png Graphic file (type png)
<use figures/chapter3/double_slit.png>
Package pdftex.def Info: figures/chapter3/double_slit.png  used on input line 214.
(pdftex.def)             Requested size: 272.99881pt x 135.52484pt.
 [67 <./figures/chapter3/double_slit.png>] [68] [69] [70]) (build/tesis.bbl [71] [72


] [73]
Underfull \hbox (badness 10000) in paragraph at lines 96--100
\T1/EBGaramond-OsF/m/n/12 (+20) 1992.  URL []$\T1/cmtt/m/n/12 https : / / proceedings . neurips . cc / paper / 1992 / hash /
 []

[74]
Underfull \hbox (badness 10000) in paragraph at lines 128--134
[]\T1/EBGaramond-OsF/m/n/12 (+20) Tuomas Haarnoja, Vitchyr Pong, Au-rick Zhou, Mur-taza Dalal, Pieter
 []


Underfull \hbox (badness 10000) in paragraph at lines 128--134
\T1/EBGaramond-OsF/m/n/12 (+20) Abbeel, and Sergey Levine.  Com-pos-able Deep Re-in-force-ment Learn-
 []


Underfull \hbox (badness 6792) in paragraph at lines 128--134
\T1/EBGaramond-OsF/m/n/12 (+20) ing for Robotic Ma-nip-u-la-tion.  In \T1/EBGaramond-OsF/m/it/12 (+20) 2018 IEEE In-ter-na-tional Con-fer-ence
 []


Underfull \hbox (badness 3590) in paragraph at lines 128--134
\T1/EBGaramond-OsF/m/it/12 (+20) on Robotics and Au-toma-tion (ICRA)\T1/EBGaramond-OsF/m/n/12 (+20) , pages 6244--6251, May 2018a.  doi:
 []


Underfull \hbox (badness 10000) in paragraph at lines 128--134
\T1/EBGaramond-OsF/m/n/12 (+20) 10 . 1109 / ICRA . 2018 . 8460756$.  URL []$\T1/cmtt/m/n/12 https : / / ieeexplore . ieee . org /
 []


Underfull \hbox (badness 10000) in paragraph at lines 128--134
\T1/cmtt/m/n/12 abstract / document / 8460756 ? casa _ token = PZaKv88YacAAAAAA :
 []


Overfull \hbox (67.4787pt too wide) in paragraph at lines 128--134
\T1/cmtt/m/n/12 T8mgFXl1wrM3ARqilO8zfGQ1v-[]6a8NN14DNZQZgfmPb8KO2LvFZ5Zw0PFEjb2YbL11gnZHsR$[]\T1/EBGaramond-OsF/m/n/12 (-20) .
 []

[75]
Underfull \hbox (badness 6078) in paragraph at lines 176--180
\T1/EBGaramond-OsF/m/it/12 (+20) in Neu-ral In-for-ma-tion Pro-cess-ing Sys-tems\T1/EBGaramond-OsF/m/n/12 (+20) , vol-ume 34, pages 10026--10039,
 []


Underfull \hbox (badness 10000) in paragraph at lines 182--186
[]\T1/EBGaramond-OsF/m/n/12 (+20) L. Kael-bling.  Learn-ing to Achieve Goals.  In \T1/EBGaramond-OsF/m/it/12 (+20) Pro-ceed-ings of the
 []


Underfull \hbox (badness 10000) in paragraph at lines 182--186
\T1/EBGaramond-OsF/m/it/12 (+20) In-ter-na-tional Joint Con-fer-ence on Ar-ti-fi-cial In-tel-li-gence (IJ-CAI)\T1/EBGaramond-OsF/m/n/12 (+20) ,
 []


Underfull \hbox (badness 10000) in paragraph at lines 182--186
\T1/EBGaramond-OsF/m/n/12 (+20) pages 1094--1099, 1993.  URL []$\T1/cmtt/m/n/12 https : / / www . semanticscholar .
 []


Underfull \hbox (badness 10000) in paragraph at lines 182--186
\T1/cmtt/m/n/12 org / paper / Learning-[]to-[]Achieve-[]Goals-[]Kaelbling /
 []

[76]
Underfull \hbox (badness 4467) in paragraph at lines 239--243
[]\T1/EBGaramond-OsF/m/n/12 (+20) Geraud Nangue Tasse, Steven James, and Ben-jamin Ros-man.  A Boolean
 []


Underfull \hbox (badness 3029) in paragraph at lines 239--243
\T1/EBGaramond-OsF/m/n/12 (+20) Task Al-ge-bra for Re-in-force-ment Learn-ing.  In \T1/EBGaramond-OsF/m/it/12 (+20) Ad-vances in Neu-ral In-for-
 []


Underfull \hbox (badness 3039) in paragraph at lines 239--243
\T1/EBGaramond-OsF/m/it/12 (+20) ma-tion Pro-cess-ing Sys-tems\T1/EBGaramond-OsF/m/n/12 (+20) , vol-ume 33, pages 9497--9507. Cur-ran As-so-ciates,
 []

[77]
Underfull \hbox (badness 1622) in paragraph at lines 320--324
[]\T1/EBGaramond-OsF/m/n/12 (+20) Emanuel Todorov.  Com-po-si-tion-al-ity of op-ti-mal con-trol laws.  In \T1/EBGaramond-OsF/m/it/12 (+20) Ad-vances
 []

[78]
Underfull \hbox (badness 10000) in paragraph at lines 337--341
[]\T1/EBGaramond-OsF/m/n/12 (+20) Rodrigo Toro Icarte, Ethan Waldie, To-ryn Klassen, Rick Valen-zano, Mar-
 []


Underfull \hbox (badness 3148) in paragraph at lines 337--341
\T1/EBGaramond-OsF/m/n/12 (+20) garita Cas-tro, and Sheila McIl-raith.  Learn-ing Re-ward Ma-chines for Par-
 []


Underfull \hbox (badness 7722) in paragraph at lines 337--341
\T1/EBGaramond-OsF/m/n/12 (+20) tially Ob-serv-able Re-in-force-ment Learn-ing.  In \T1/EBGaramond-OsF/m/it/12 (+20) Ad-vances in Neu-ral In-
 []


Underfull \hbox (badness 10000) in paragraph at lines 337--341
\T1/EBGaramond-OsF/m/it/12 (+20) for-ma-tion Pro-cess-ing Sys-tems\T1/EBGaramond-OsF/m/n/12 (+20) , vol-ume 32. Cur-ran As-so-ciates, Inc., 2019.
 []


Underfull \hbox (badness 10000) in paragraph at lines 337--341
\T1/EBGaramond-OsF/m/n/12 (+20) URL []$\T1/cmtt/m/n/12 https : / / papers . nips . cc / paper _ files / paper / 2019 / hash /
 []


Underfull \hbox (badness 10000) in paragraph at lines 355--359
[]\T1/EBGaramond-OsF/m/n/12 (+20) Nino Vieil-lard, Olivier Pietquin, and Matthieu Geist.  Mun-chausen
 []


Underfull \hbox (badness 10000) in paragraph at lines 355--359
\T1/EBGaramond-OsF/m/n/12 (+20) Re-in-force-ment Learn-ing.  In \T1/EBGaramond-OsF/m/it/12 (+20) Ad-vances in Neu-ral In-for-ma-tion Pro-
 []


Underfull \hbox (badness 10000) in paragraph at lines 355--359
\T1/EBGaramond-OsF/m/it/12 (+20) cess-ing Sys-tems\T1/EBGaramond-OsF/m/n/12 (+20) , vol-ume 33, pages 4235--4246. Cur-ran As-so-ciates, Inc.,
 []


Underfull \hbox (badness 10000) in paragraph at lines 355--359
\T1/EBGaramond-OsF/m/n/12 (+20) 2020.  URL []$\T1/cmtt/m/n/12 https : / / proceedings . neurips . cc / paper / 2020 / hash /
 []

[79]) [80]
Appendix A.
(./chapters/appendix.tex
Overfull \hbox (4.53133pt too wide) in paragraph at lines 9--10
\T1/EBGaramond-OsF/m/n/12 (-20) non-empty sub-set de-fined as $[]$. 
 []

[81


] [82] [83]
Overfull \hbox (29.00023pt too wide) detected at line 128
[][][][]\OT1/cmr/m/n/12 (\OML/cmm/m/it/12 s\OT1/cmr/m/n/12 ) \OMS/cmsy/m/n/12   []\OT1/cmr/m/n/12 (\OML/cmm/m/it/12 s\OT1/cmr/m/n/12 ) + \OML/cmm/m/it/12 []\OT1/cmr/m/n/12 (\OML/cmm/m/it/12 s\OT1/cmr/m/n/12 )[]\OML/cmm/m/it/12 r[]\OT1/cmr/m/n/12 (\OML/cmm/m/it/12 s\OT1/cmr/m/n/12 ) \OMS/cmsy/m/n/12 ^^@ \OML/cmm/m/it/12 ^^U [] []\OT1/cmr/m/n/12 (\OML/cmm/m/it/12 s\OT1/cmr/m/n/12 ) \OMS/cmsy/m/n/12 ^^@ [] [] [] P\OT1/cmr/m/n/12 (\OML/cmm/m/it/12 s[]\OMS/cmsy/m/n/12 j\OML/cmm/m/it/12 s\OT1/cmr/m/n/12 )\OML/cmm/m/it/12 e[] \OMS/cmsy/m/n/12 ^^@ []\OT1/cmr/m/n/12 (\OML/cmm/m/it/12 s\OT1/cmr/m/n/12 )[]\U/msb/m/n/12 I\OMS/cmsy/m/n/12 f\OML/cmm/m/it/12 s \OMS/cmsy/m/n/12 2 \OML/cmm/m/it/12 X[]\OMS/cmsy/m/n/12 g\OML/cmm/m/it/12 ;
 []

[84] [85]) [86] (build/tesis.ind) (build/tesis.aux)
 ***********
LaTeX2e <2023-11-01> patch level 1
L3 programming layer <2024-05-08>
 ***********
Package rerunfilecheck Info: File `tesis.out' has not changed.
(rerunfilecheck)             Checksum: 02E436AA2DEF45980A0749B22BBC01BB;12293.
 ) 
Here is how much of TeX's memory you used:
 36960 strings out of 473993
 714939 string characters out of 5741040
 1957904 words of memory out of 5000000
 57756 multiletter control sequences out of 15000+600000
 755646 words of font info for 480 fonts, out of 8000000 for 9000
 1141 hyphenation exceptions out of 8191
 99i,14n,117p,3355b,1479s stack positions out of 10000i,1000n,20000p,200000b,200000s
</usr/local/texlive/2024/texmf-dist/fonts/type1/public/ebgaramond/EBGaramond-Bold.pfb></usr/local/texlive/2024/texmf-dist/fonts/type1/public/ebgaramond/EBGaramond-Italic.pfb></usr/local/texlive/2024/texmf-dist/fonts/type1/public/ebgaramond/EBGaramond-Regular.pfb></usr/local/texlive/2024/texmf-dist/fonts/type1/public/fontawesome/FontAwesome.pfb></usr/local/texlive/2024/texmf-dist/fonts/type1/public/amsfonts/cm/cmbx12.pfb></usr/local/texlive/2024/texmf-dist/fonts/type1/public/amsfonts/cm/cmbx8.pfb></usr/local/texlive/2024/texmf-dist/fonts/type1/public/amsfonts/cm/cmex10.pfb></usr/local/texlive/2024/texmf-dist/fonts/type1/public/amsfonts/cmextra/cmex8.pfb></usr/local/texlive/2024/texmf-dist/fonts/type1/public/amsfonts/cm/cmmi10.pfb></usr/local/texlive/2024/texmf-dist/fonts/type1/public/amsfonts/cm/cmmi12.pfb></usr/local/texlive/2024/texmf-dist/fonts/type1/public/amsfonts/cm/cmmi5.pfb></usr/local/texlive/2024/texmf-dist/fonts/type1/public/amsfonts/cm/cmmi6.pfb></usr/local/texlive/2024/texmf-dist/fonts/type1/public/amsfonts/cm/cmmi8.pfb></usr/local/texlive/2024/texmf-dist/fonts/type1/public/amsfonts/cm/cmmi9.pfb></usr/local/texlive/2024/texmf-dist/fonts/type1/public/amsfonts/cm/cmmib10.pfb></usr/local/texlive/2024/texmf-dist/fonts/type1/public/amsfonts/cmextra/cmmib8.pfb></usr/local/texlive/2024/texmf-dist/fonts/type1/public/amsfonts/cm/cmr12.pfb></usr/local/texlive/2024/texmf-dist/fonts/type1/public/amsfonts/cm/cmr6.pfb></usr/local/texlive/2024/texmf-dist/fonts/type1/public/amsfonts/cm/cmr8.pfb></usr/local/texlive/2024/texmf-dist/fonts/type1/public/amsfonts/cm/cmr9.pfb></usr/local/texlive/2024/texmf-dist/fonts/type1/public/amsfonts/cm/cmsy10.pfb></usr/local/texlive/2024/texmf-dist/fonts/type1/public/amsfonts/cm/cmsy6.pfb></usr/local/texlive/2024/texmf-dist/fonts/type1/public/amsfonts/cm/cmsy8.pfb></usr/local/texlive/2024/texmf-dist/fonts/type1/public/amsfonts/cm/cmsy9.pfb></usr/local/texlive/2024/texmf-dist/fonts/type1/public/doublestroke/dsrom12.pfb></usr/local/texlive/2024/texmf-dist/fonts/type1/public/marvosym/marvosym.pfb></usr/local/texlive/2024/texmf-dist/fonts/type1/public/amsfonts/symbols/msam10.pfb></usr/local/texlive/2024/texmf-dist/fonts/type1/public/amsfonts/symbols/msbm10.pfb></usr/local/texlive/2024/texmf-dist/fonts/type1/public/cm-super/sfss2074.pfb></usr/local/texlive/2024/texmf-dist/fonts/type1/public/cm-super/sftt1000.pfb></usr/local/texlive/2024/texmf-dist/fonts/type1/public/cm-super/sftt1200.pfb>
Output written on build/tesis.pdf (102 pages, 3683909 bytes).
PDF statistics:
 2281 PDF objects out of 2487 (max. 8388607)
 1821 compressed objects within 19 object streams
 417 named destinations out of 1000 (max. 500000)
 89421 words of extra memory for PDF output out of 106986 (max. 10000000)

